The target system is: Windows -  - 
The host system is: Linux - 5.4.0-150-generic - x86_64
Compiling the C compiler identification source file "CMakeCCompilerId.c" succeeded.
Compiler: /usr/bin/x86_64-w64-mingw32-gcc 
Build flags: ;;;-Wno-unused-variable;;;-Wno-unused-label
Id flags:  

The output was:
0


Compilation of the C compiler identification source "CMakeCCompilerId.c" produced "a.exe"

The C compiler identification is GNU, found in "/export/local/works/doublegsoft.biz/bizprint/03.Development/bizprint/3rd/libwebsockets/build/mingw64/CMakeFiles/3.20.6/CompilerIdC/a.exe"

Detecting C compiler ABI info compiled with the following output:
Change Dir: /export/local/works/doublegsoft.biz/bizprint/03.Development/bizprint/3rd/libwebsockets/build/mingw64/CMakeFiles/CMakeTmp

Run Build Command(s):/usr/bin/make -f Makefile cmTC_200e0/fast && /usr/bin/make  -f CMakeFiles/cmTC_200e0.dir/build.make CMakeFiles/cmTC_200e0.dir/build
make[1]: Entering directory '/export/local/works/doublegsoft.biz/bizprint/03.Development/bizprint/3rd/libwebsockets/build/mingw64/CMakeFiles/CMakeTmp'
Building C object CMakeFiles/cmTC_200e0.dir/CMakeCCompilerABI.c.obj
/usr/bin/x86_64-w64-mingw32-gcc   -Wno-unused-variable   -Wno-unused-label    -v -o CMakeFiles/cmTC_200e0.dir/CMakeCCompilerABI.c.obj -c /export/opt/cmake-3.20.6/share/cmake-3.20/Modules/CMakeCCompilerABI.c
Using built-in specs.
COLLECT_GCC=/usr/bin/x86_64-w64-mingw32-gcc
Target: x86_64-w64-mingw32
Configured with: ../../src/configure --build=x86_64-linux-gnu --prefix=/usr --includedir='/usr/include' --mandir='/usr/share/man' --infodir='/usr/share/info' --sysconfdir=/etc --localstatedir=/var --disable-silent-rules --libdir='/usr/lib/x86_64-linux-gnu' --libexecdir='/usr/lib/x86_64-linux-gnu' --disable-maintainer-mode --disable-dependency-tracking --prefix=/usr --enable-shared --enable-static --disable-multilib --with-system-zlib --libexecdir=/usr/lib --without-included-gettext --libdir=/usr/lib --enable-libstdcxx-time=yes --with-tune=generic --with-headers=/usr/x86_64-w64-mingw32/include --enable-version-specific-runtime-libs --enable-fully-dynamic-string --enable-libgomp --enable-languages=c,c++,fortran,objc,obj-c++,ada --enable-lto --with-plugin-ld --enable-threads=win32 --program-suffix=-win32 --program-prefix=x86_64-w64-mingw32- --target=x86_64-w64-mingw32 --with-as=/usr/bin/x86_64-w64-mingw32-as --with-ld=/usr/bin/x86_64-w64-mingw32-ld --enable-libatomic --enable-libstdcxx-filesystem-ts=yes
Thread model: win32
gcc version 7.3-win32 20180312 (GCC) 
COLLECT_GCC_OPTIONS='-Wno-unused-variable' '-Wno-unused-label' '-v' '-o' 'CMakeFiles/cmTC_200e0.dir/CMakeCCompilerABI.c.obj' '-c' '-mtune=generic' '-march=x86-64'
 /usr/lib/gcc/x86_64-w64-mingw32/7.3-win32/cc1 -quiet -v -U_REENTRANT /export/opt/cmake-3.20.6/share/cmake-3.20/Modules/CMakeCCompilerABI.c -quiet -dumpbase CMakeCCompilerABI.c -mtune=generic -march=x86-64 -auxbase-strip CMakeFiles/cmTC_200e0.dir/CMakeCCompilerABI.c.obj -Wno-unused-variable -Wno-unused-label -version -o /tmp/ccsGOsBw.s
GNU C11 (GCC) version 7.3-win32 20180312 (x86_64-w64-mingw32)
	compiled by GNU C version 7.3.0, GMP version 6.1.2, MPFR version 4.0.1, MPC version 1.1.0, isl version isl-0.19-GMP

GGC heuristics: --param ggc-min-expand=100 --param ggc-min-heapsize=131072
ignoring nonexistent directory "/usr/lib/gcc/x86_64-w64-mingw32/7.3-win32/../../../../x86_64-w64-mingw32/sys-include"
#include "..." search starts here:
#include <...> search starts here:
 /usr/lib/gcc/x86_64-w64-mingw32/7.3-win32/include
 /usr/lib/gcc/x86_64-w64-mingw32/7.3-win32/include-fixed
 /usr/lib/gcc/x86_64-w64-mingw32/7.3-win32/../../../../x86_64-w64-mingw32/include
End of search list.
GNU C11 (GCC) version 7.3-win32 20180312 (x86_64-w64-mingw32)
	compiled by GNU C version 7.3.0, GMP version 6.1.2, MPFR version 4.0.1, MPC version 1.1.0, isl version isl-0.19-GMP

GGC heuristics: --param ggc-min-expand=100 --param ggc-min-heapsize=131072
Compiler executable checksum: 6979ab5de8608fba07531e0f52c4b246
COLLECT_GCC_OPTIONS='-Wno-unused-variable' '-Wno-unused-label' '-v' '-o' 'CMakeFiles/cmTC_200e0.dir/CMakeCCompilerABI.c.obj' '-c' '-mtune=generic' '-march=x86-64'
 /usr/bin/x86_64-w64-mingw32-as -v -o CMakeFiles/cmTC_200e0.dir/CMakeCCompilerABI.c.obj /tmp/ccsGOsBw.s
GNU assembler version 2.30 (x86_64-w64-mingw32) using BFD version (GNU Binutils) 2.30
COMPILER_PATH=/usr/lib/gcc/x86_64-w64-mingw32/7.3-win32/:/usr/lib/gcc/x86_64-w64-mingw32/7.3-win32/:/usr/lib/gcc/x86_64-w64-mingw32/:/usr/lib/gcc/x86_64-w64-mingw32/7.3-win32/:/usr/lib/gcc/x86_64-w64-mingw32/:/usr/lib/gcc/x86_64-w64-mingw32/7.3-win32/../../../../x86_64-w64-mingw32/bin/
LIBRARY_PATH=/usr/lib/gcc/x86_64-w64-mingw32/7.3-win32/:/usr/lib/gcc/x86_64-w64-mingw32/7.3-win32/../../../../x86_64-w64-mingw32/lib/
COLLECT_GCC_OPTIONS='-Wno-unused-variable' '-Wno-unused-label' '-v' '-o' 'CMakeFiles/cmTC_200e0.dir/CMakeCCompilerABI.c.obj' '-c' '-mtune=generic' '-march=x86-64'
Linking C executable cmTC_200e0.exe
/export/opt/cmake-3.20.6/bin/cmake -E cmake_link_script CMakeFiles/cmTC_200e0.dir/link.txt --verbose=1
/export/opt/cmake-3.20.6/bin/cmake -E rm -f CMakeFiles/cmTC_200e0.dir/objects.a
/usr/bin/x86_64-w64-mingw32-ar cr CMakeFiles/cmTC_200e0.dir/objects.a @CMakeFiles/cmTC_200e0.dir/objects1.rsp
/usr/bin/x86_64-w64-mingw32-gcc    -Wno-unused-variable   -Wno-unused-label   -v -Wl,--whole-archive CMakeFiles/cmTC_200e0.dir/objects.a -Wl,--no-whole-archive -o cmTC_200e0.exe -Wl,--out-implib,libcmTC_200e0.dll.a -Wl,--major-image-version,0,--minor-image-version,0 
Using built-in specs.
COLLECT_GCC=/usr/bin/x86_64-w64-mingw32-gcc
COLLECT_LTO_WRAPPER=/usr/lib/gcc/x86_64-w64-mingw32/7.3-win32/lto-wrapper
Target: x86_64-w64-mingw32
Configured with: ../../src/configure --build=x86_64-linux-gnu --prefix=/usr --includedir='/usr/include' --mandir='/usr/share/man' --infodir='/usr/share/info' --sysconfdir=/etc --localstatedir=/var --disable-silent-rules --libdir='/usr/lib/x86_64-linux-gnu' --libexecdir='/usr/lib/x86_64-linux-gnu' --disable-maintainer-mode --disable-dependency-tracking --prefix=/usr --enable-shared --enable-static --disable-multilib --with-system-zlib --libexecdir=/usr/lib --without-included-gettext --libdir=/usr/lib --enable-libstdcxx-time=yes --with-tune=generic --with-headers=/usr/x86_64-w64-mingw32/include --enable-version-specific-runtime-libs --enable-fully-dynamic-string --enable-libgomp --enable-languages=c,c++,fortran,objc,obj-c++,ada --enable-lto --with-plugin-ld --enable-threads=win32 --program-suffix=-win32 --program-prefix=x86_64-w64-mingw32- --target=x86_64-w64-mingw32 --with-as=/usr/bin/x86_64-w64-mingw32-as --with-ld=/usr/bin/x86_64-w64-mingw32-ld --enable-libatomic --enable-libstdcxx-filesystem-ts=yes
Thread model: win32
gcc version 7.3-win32 20180312 (GCC) 
COMPILER_PATH=/usr/lib/gcc/x86_64-w64-mingw32/7.3-win32/:/usr/lib/gcc/x86_64-w64-mingw32/7.3-win32/:/usr/lib/gcc/x86_64-w64-mingw32/:/usr/lib/gcc/x86_64-w64-mingw32/7.3-win32/:/usr/lib/gcc/x86_64-w64-mingw32/:/usr/lib/gcc/x86_64-w64-mingw32/7.3-win32/../../../../x86_64-w64-mingw32/bin/
LIBRARY_PATH=/usr/lib/gcc/x86_64-w64-mingw32/7.3-win32/:/usr/lib/gcc/x86_64-w64-mingw32/7.3-win32/../../../../x86_64-w64-mingw32/lib/
COLLECT_GCC_OPTIONS='-Wno-unused-variable' '-Wno-unused-label' '-v' '-o' 'cmTC_200e0.exe' '-mtune=generic' '-march=x86-64'
 /usr/lib/gcc/x86_64-w64-mingw32/7.3-win32/collect2 -m i386pep -Bdynamic -o cmTC_200e0.exe /usr/lib/gcc/x86_64-w64-mingw32/7.3-win32/../../../../x86_64-w64-mingw32/lib/crt2.o /usr/lib/gcc/x86_64-w64-mingw32/7.3-win32/crtbegin.o -L/usr/lib/gcc/x86_64-w64-mingw32/7.3-win32 -L/usr/lib/gcc/x86_64-w64-mingw32/7.3-win32/../../../../x86_64-w64-mingw32/lib --whole-archive CMakeFiles/cmTC_200e0.dir/objects.a --no-whole-archive --out-implib libcmTC_200e0.dll.a --major-image-version 0 --minor-image-version 0 -lmingw32 -lgcc -lgcc_eh -lmoldname -lmingwex -lmsvcrt -ladvapi32 -lshell32 -luser32 -lkernel32 -lmingw32 -lgcc -lgcc_eh -lmoldname -lmingwex -lmsvcrt /usr/lib/gcc/x86_64-w64-mingw32/7.3-win32/crtend.o
COLLECT_GCC_OPTIONS='-Wno-unused-variable' '-Wno-unused-label' '-v' '-o' 'cmTC_200e0.exe' '-mtune=generic' '-march=x86-64'
make[1]: Leaving directory '/export/local/works/doublegsoft.biz/bizprint/03.Development/bizprint/3rd/libwebsockets/build/mingw64/CMakeFiles/CMakeTmp'



Parsed C implicit include dir info from above output: rv=done
  found start of include info
  found start of implicit include info
    add: [/usr/lib/gcc/x86_64-w64-mingw32/7.3-win32/include]
    add: [/usr/lib/gcc/x86_64-w64-mingw32/7.3-win32/include-fixed]
    add: [/usr/lib/gcc/x86_64-w64-mingw32/7.3-win32/../../../../x86_64-w64-mingw32/include]
  end of search list found
  collapse include dir [/usr/lib/gcc/x86_64-w64-mingw32/7.3-win32/include] ==> [/usr/lib/gcc/x86_64-w64-mingw32/7.3-win32/include]
  collapse include dir [/usr/lib/gcc/x86_64-w64-mingw32/7.3-win32/include-fixed] ==> [/usr/lib/gcc/x86_64-w64-mingw32/7.3-win32/include-fixed]
  collapse include dir [/usr/lib/gcc/x86_64-w64-mingw32/7.3-win32/../../../../x86_64-w64-mingw32/include] ==> [/usr/x86_64-w64-mingw32/include]
  implicit include dirs: [/usr/lib/gcc/x86_64-w64-mingw32/7.3-win32/include;/usr/lib/gcc/x86_64-w64-mingw32/7.3-win32/include-fixed;/usr/x86_64-w64-mingw32/include]


Parsed C implicit link information from above output:
  link line regex: [^( *|.*[/\])(x86_64-w64-mingw32-ld|CMAKE_LINK_STARTFILE-NOTFOUND|([^/\]+-)?ld|collect2)[^/\]*( |$)]
  ignore line: [Change Dir: /export/local/works/doublegsoft.biz/bizprint/03.Development/bizprint/3rd/libwebsockets/build/mingw64/CMakeFiles/CMakeTmp]
  ignore line: []
  ignore line: [Run Build Command(s):/usr/bin/make -f Makefile cmTC_200e0/fast && /usr/bin/make  -f CMakeFiles/cmTC_200e0.dir/build.make CMakeFiles/cmTC_200e0.dir/build]
  ignore line: [make[1]: Entering directory '/export/local/works/doublegsoft.biz/bizprint/03.Development/bizprint/3rd/libwebsockets/build/mingw64/CMakeFiles/CMakeTmp']
  ignore line: [Building C object CMakeFiles/cmTC_200e0.dir/CMakeCCompilerABI.c.obj]
  ignore line: [/usr/bin/x86_64-w64-mingw32-gcc   -Wno-unused-variable   -Wno-unused-label    -v -o CMakeFiles/cmTC_200e0.dir/CMakeCCompilerABI.c.obj -c /export/opt/cmake-3.20.6/share/cmake-3.20/Modules/CMakeCCompilerABI.c]
  ignore line: [Using built-in specs.]
  ignore line: [COLLECT_GCC=/usr/bin/x86_64-w64-mingw32-gcc]
  ignore line: [Target: x86_64-w64-mingw32]
  ignore line: [Configured with: ../../src/configure --build=x86_64-linux-gnu --prefix=/usr --includedir='/usr/include' --mandir='/usr/share/man' --infodir='/usr/share/info' --sysconfdir=/etc --localstatedir=/var --disable-silent-rules --libdir='/usr/lib/x86_64-linux-gnu' --libexecdir='/usr/lib/x86_64-linux-gnu' --disable-maintainer-mode --disable-dependency-tracking --prefix=/usr --enable-shared --enable-static --disable-multilib --with-system-zlib --libexecdir=/usr/lib --without-included-gettext --libdir=/usr/lib --enable-libstdcxx-time=yes --with-tune=generic --with-headers=/usr/x86_64-w64-mingw32/include --enable-version-specific-runtime-libs --enable-fully-dynamic-string --enable-libgomp --enable-languages=c,c++,fortran,objc,obj-c++,ada --enable-lto --with-plugin-ld --enable-threads=win32 --program-suffix=-win32 --program-prefix=x86_64-w64-mingw32- --target=x86_64-w64-mingw32 --with-as=/usr/bin/x86_64-w64-mingw32-as --with-ld=/usr/bin/x86_64-w64-mingw32-ld --enable-libatomic --enable-libstdcxx-filesystem-ts=yes]
  ignore line: [Thread model: win32]
  ignore line: [gcc version 7.3-win32 20180312 (GCC) ]
  ignore line: [COLLECT_GCC_OPTIONS='-Wno-unused-variable' '-Wno-unused-label' '-v' '-o' 'CMakeFiles/cmTC_200e0.dir/CMakeCCompilerABI.c.obj' '-c' '-mtune=generic' '-march=x86-64']
  ignore line: [ /usr/lib/gcc/x86_64-w64-mingw32/7.3-win32/cc1 -quiet -v -U_REENTRANT /export/opt/cmake-3.20.6/share/cmake-3.20/Modules/CMakeCCompilerABI.c -quiet -dumpbase CMakeCCompilerABI.c -mtune=generic -march=x86-64 -auxbase-strip CMakeFiles/cmTC_200e0.dir/CMakeCCompilerABI.c.obj -Wno-unused-variable -Wno-unused-label -version -o /tmp/ccsGOsBw.s]
  ignore line: [GNU C11 (GCC) version 7.3-win32 20180312 (x86_64-w64-mingw32)]
  ignore line: [	compiled by GNU C version 7.3.0  GMP version 6.1.2  MPFR version 4.0.1  MPC version 1.1.0  isl version isl-0.19-GMP]
  ignore line: []
  ignore line: [GGC heuristics: --param ggc-min-expand=100 --param ggc-min-heapsize=131072]
  ignore line: [ignoring nonexistent directory "/usr/lib/gcc/x86_64-w64-mingw32/7.3-win32/../../../../x86_64-w64-mingw32/sys-include"]
  ignore line: [#include "..." search starts here:]
  ignore line: [#include <...> search starts here:]
  ignore line: [ /usr/lib/gcc/x86_64-w64-mingw32/7.3-win32/include]
  ignore line: [ /usr/lib/gcc/x86_64-w64-mingw32/7.3-win32/include-fixed]
  ignore line: [ /usr/lib/gcc/x86_64-w64-mingw32/7.3-win32/../../../../x86_64-w64-mingw32/include]
  ignore line: [End of search list.]
  ignore line: [GNU C11 (GCC) version 7.3-win32 20180312 (x86_64-w64-mingw32)]
  ignore line: [	compiled by GNU C version 7.3.0  GMP version 6.1.2  MPFR version 4.0.1  MPC version 1.1.0  isl version isl-0.19-GMP]
  ignore line: []
  ignore line: [GGC heuristics: --param ggc-min-expand=100 --param ggc-min-heapsize=131072]
  ignore line: [Compiler executable checksum: 6979ab5de8608fba07531e0f52c4b246]
  ignore line: [COLLECT_GCC_OPTIONS='-Wno-unused-variable' '-Wno-unused-label' '-v' '-o' 'CMakeFiles/cmTC_200e0.dir/CMakeCCompilerABI.c.obj' '-c' '-mtune=generic' '-march=x86-64']
  ignore line: [ /usr/bin/x86_64-w64-mingw32-as -v -o CMakeFiles/cmTC_200e0.dir/CMakeCCompilerABI.c.obj /tmp/ccsGOsBw.s]
  ignore line: [GNU assembler version 2.30 (x86_64-w64-mingw32) using BFD version (GNU Binutils) 2.30]
  ignore line: [COMPILER_PATH=/usr/lib/gcc/x86_64-w64-mingw32/7.3-win32/:/usr/lib/gcc/x86_64-w64-mingw32/7.3-win32/:/usr/lib/gcc/x86_64-w64-mingw32/:/usr/lib/gcc/x86_64-w64-mingw32/7.3-win32/:/usr/lib/gcc/x86_64-w64-mingw32/:/usr/lib/gcc/x86_64-w64-mingw32/7.3-win32/../../../../x86_64-w64-mingw32/bin/]
  ignore line: [LIBRARY_PATH=/usr/lib/gcc/x86_64-w64-mingw32/7.3-win32/:/usr/lib/gcc/x86_64-w64-mingw32/7.3-win32/../../../../x86_64-w64-mingw32/lib/]
  ignore line: [COLLECT_GCC_OPTIONS='-Wno-unused-variable' '-Wno-unused-label' '-v' '-o' 'CMakeFiles/cmTC_200e0.dir/CMakeCCompilerABI.c.obj' '-c' '-mtune=generic' '-march=x86-64']
  ignore line: [Linking C executable cmTC_200e0.exe]
  ignore line: [/export/opt/cmake-3.20.6/bin/cmake -E cmake_link_script CMakeFiles/cmTC_200e0.dir/link.txt --verbose=1]
  ignore line: [/export/opt/cmake-3.20.6/bin/cmake -E rm -f CMakeFiles/cmTC_200e0.dir/objects.a]
  ignore line: [/usr/bin/x86_64-w64-mingw32-ar cr CMakeFiles/cmTC_200e0.dir/objects.a @CMakeFiles/cmTC_200e0.dir/objects1.rsp]
  ignore line: [/usr/bin/x86_64-w64-mingw32-gcc    -Wno-unused-variable   -Wno-unused-label   -v -Wl --whole-archive CMakeFiles/cmTC_200e0.dir/objects.a -Wl --no-whole-archive -o cmTC_200e0.exe -Wl --out-implib libcmTC_200e0.dll.a -Wl --major-image-version 0 --minor-image-version 0 ]
  ignore line: [Using built-in specs.]
  ignore line: [COLLECT_GCC=/usr/bin/x86_64-w64-mingw32-gcc]
  ignore line: [COLLECT_LTO_WRAPPER=/usr/lib/gcc/x86_64-w64-mingw32/7.3-win32/lto-wrapper]
  ignore line: [Target: x86_64-w64-mingw32]
  ignore line: [Configured with: ../../src/configure --build=x86_64-linux-gnu --prefix=/usr --includedir='/usr/include' --mandir='/usr/share/man' --infodir='/usr/share/info' --sysconfdir=/etc --localstatedir=/var --disable-silent-rules --libdir='/usr/lib/x86_64-linux-gnu' --libexecdir='/usr/lib/x86_64-linux-gnu' --disable-maintainer-mode --disable-dependency-tracking --prefix=/usr --enable-shared --enable-static --disable-multilib --with-system-zlib --libexecdir=/usr/lib --without-included-gettext --libdir=/usr/lib --enable-libstdcxx-time=yes --with-tune=generic --with-headers=/usr/x86_64-w64-mingw32/include --enable-version-specific-runtime-libs --enable-fully-dynamic-string --enable-libgomp --enable-languages=c,c++,fortran,objc,obj-c++,ada --enable-lto --with-plugin-ld --enable-threads=win32 --program-suffix=-win32 --program-prefix=x86_64-w64-mingw32- --target=x86_64-w64-mingw32 --with-as=/usr/bin/x86_64-w64-mingw32-as --with-ld=/usr/bin/x86_64-w64-mingw32-ld --enable-libatomic --enable-libstdcxx-filesystem-ts=yes]
  ignore line: [Thread model: win32]
  ignore line: [gcc version 7.3-win32 20180312 (GCC) ]
  ignore line: [COMPILER_PATH=/usr/lib/gcc/x86_64-w64-mingw32/7.3-win32/:/usr/lib/gcc/x86_64-w64-mingw32/7.3-win32/:/usr/lib/gcc/x86_64-w64-mingw32/:/usr/lib/gcc/x86_64-w64-mingw32/7.3-win32/:/usr/lib/gcc/x86_64-w64-mingw32/:/usr/lib/gcc/x86_64-w64-mingw32/7.3-win32/../../../../x86_64-w64-mingw32/bin/]
  ignore line: [LIBRARY_PATH=/usr/lib/gcc/x86_64-w64-mingw32/7.3-win32/:/usr/lib/gcc/x86_64-w64-mingw32/7.3-win32/../../../../x86_64-w64-mingw32/lib/]
  ignore line: [COLLECT_GCC_OPTIONS='-Wno-unused-variable' '-Wno-unused-label' '-v' '-o' 'cmTC_200e0.exe' '-mtune=generic' '-march=x86-64']
  link line: [ /usr/lib/gcc/x86_64-w64-mingw32/7.3-win32/collect2 -m i386pep -Bdynamic -o cmTC_200e0.exe /usr/lib/gcc/x86_64-w64-mingw32/7.3-win32/../../../../x86_64-w64-mingw32/lib/crt2.o /usr/lib/gcc/x86_64-w64-mingw32/7.3-win32/crtbegin.o -L/usr/lib/gcc/x86_64-w64-mingw32/7.3-win32 -L/usr/lib/gcc/x86_64-w64-mingw32/7.3-win32/../../../../x86_64-w64-mingw32/lib --whole-archive CMakeFiles/cmTC_200e0.dir/objects.a --no-whole-archive --out-implib libcmTC_200e0.dll.a --major-image-version 0 --minor-image-version 0 -lmingw32 -lgcc -lgcc_eh -lmoldname -lmingwex -lmsvcrt -ladvapi32 -lshell32 -luser32 -lkernel32 -lmingw32 -lgcc -lgcc_eh -lmoldname -lmingwex -lmsvcrt /usr/lib/gcc/x86_64-w64-mingw32/7.3-win32/crtend.o]
    arg [/usr/lib/gcc/x86_64-w64-mingw32/7.3-win32/collect2] ==> ignore
    arg [-m] ==> ignore
    arg [i386pep] ==> ignore
    arg [-Bdynamic] ==> ignore
    arg [-o] ==> ignore
    arg [cmTC_200e0.exe] ==> ignore
    arg [/usr/lib/gcc/x86_64-w64-mingw32/7.3-win32/../../../../x86_64-w64-mingw32/lib/crt2.o] ==> obj [/usr/lib/gcc/x86_64-w64-mingw32/7.3-win32/../../../../x86_64-w64-mingw32/lib/crt2.o]
    arg [/usr/lib/gcc/x86_64-w64-mingw32/7.3-win32/crtbegin.o] ==> obj [/usr/lib/gcc/x86_64-w64-mingw32/7.3-win32/crtbegin.o]
    arg [-L/usr/lib/gcc/x86_64-w64-mingw32/7.3-win32] ==> dir [/usr/lib/gcc/x86_64-w64-mingw32/7.3-win32]
    arg [-L/usr/lib/gcc/x86_64-w64-mingw32/7.3-win32/../../../../x86_64-w64-mingw32/lib] ==> dir [/usr/lib/gcc/x86_64-w64-mingw32/7.3-win32/../../../../x86_64-w64-mingw32/lib]
    arg [--whole-archive] ==> ignore
    arg [CMakeFiles/cmTC_200e0.dir/objects.a] ==> ignore
    arg [--no-whole-archive] ==> ignore
    arg [--out-implib] ==> ignore
    arg [libcmTC_200e0.dll.a] ==> ignore
    arg [--major-image-version] ==> ignore
    arg [0] ==> ignore
    arg [--minor-image-version] ==> ignore
    arg [0] ==> ignore
    arg [-lmingw32] ==> lib [mingw32]
    arg [-lgcc] ==> lib [gcc]
    arg [-lgcc_eh] ==> lib [gcc_eh]
    arg [-lmoldname] ==> lib [moldname]
    arg [-lmingwex] ==> lib [mingwex]
    arg [-lmsvcrt] ==> lib [msvcrt]
    arg [-ladvapi32] ==> lib [advapi32]
    arg [-lshell32] ==> lib [shell32]
    arg [-luser32] ==> lib [user32]
    arg [-lkernel32] ==> lib [kernel32]
    arg [-lmingw32] ==> lib [mingw32]
    arg [-lgcc] ==> lib [gcc]
    arg [-lgcc_eh] ==> lib [gcc_eh]
    arg [-lmoldname] ==> lib [moldname]
    arg [-lmingwex] ==> lib [mingwex]
    arg [-lmsvcrt] ==> lib [msvcrt]
    arg [/usr/lib/gcc/x86_64-w64-mingw32/7.3-win32/crtend.o] ==> obj [/usr/lib/gcc/x86_64-w64-mingw32/7.3-win32/crtend.o]
  remove lib [gcc_eh]
  remove lib [msvcrt]
  remove lib [gcc_eh]
  remove lib [msvcrt]
  collapse obj [/usr/lib/gcc/x86_64-w64-mingw32/7.3-win32/../../../../x86_64-w64-mingw32/lib/crt2.o] ==> [/usr/x86_64-w64-mingw32/lib/crt2.o]
  collapse library dir [/usr/lib/gcc/x86_64-w64-mingw32/7.3-win32] ==> [/usr/lib/gcc/x86_64-w64-mingw32/7.3-win32]
  collapse library dir [/usr/lib/gcc/x86_64-w64-mingw32/7.3-win32/../../../../x86_64-w64-mingw32/lib] ==> [/usr/x86_64-w64-mingw32/lib]
  implicit libs: [mingw32;gcc;moldname;mingwex;advapi32;shell32;user32;kernel32;mingw32;gcc;moldname;mingwex]
  implicit objs: [/usr/x86_64-w64-mingw32/lib/crt2.o;/usr/lib/gcc/x86_64-w64-mingw32/7.3-win32/crtbegin.o;/usr/lib/gcc/x86_64-w64-mingw32/7.3-win32/crtend.o]
  implicit dirs: [/usr/lib/gcc/x86_64-w64-mingw32/7.3-win32;/usr/x86_64-w64-mingw32/lib]
  implicit fwks: []


Performing C SOURCE FILE Test LWS_HAVE_inline succeeded with the following output:
Change Dir: /export/local/works/doublegsoft.biz/bizprint/03.Development/bizprint/3rd/libwebsockets/build/mingw64/CMakeFiles/CMakeTmp

Run Build Command(s):/usr/bin/make -f Makefile cmTC_b45a9/fast && /usr/bin/make  -f CMakeFiles/cmTC_b45a9.dir/build.make CMakeFiles/cmTC_b45a9.dir/build
make[1]: Entering directory '/export/local/works/doublegsoft.biz/bizprint/03.Development/bizprint/3rd/libwebsockets/build/mingw64/CMakeFiles/CMakeTmp'
Building C object CMakeFiles/cmTC_b45a9.dir/src.c.obj
/usr/bin/x86_64-w64-mingw32-gcc -DKEYWORD=inline -DLWS_HAVE_inline  -Wno-unused-variable   -Wno-unused-label  -o CMakeFiles/cmTC_b45a9.dir/src.c.obj -c /export/local/works/doublegsoft.biz/bizprint/03.Development/bizprint/3rd/libwebsockets/build/mingw64/CMakeFiles/CMakeTmp/src.c
Linking C executable cmTC_b45a9.exe
/export/opt/cmake-3.20.6/bin/cmake -E cmake_link_script CMakeFiles/cmTC_b45a9.dir/link.txt --verbose=1
/export/opt/cmake-3.20.6/bin/cmake -E rm -f CMakeFiles/cmTC_b45a9.dir/objects.a
/usr/bin/x86_64-w64-mingw32-ar cr CMakeFiles/cmTC_b45a9.dir/objects.a @CMakeFiles/cmTC_b45a9.dir/objects1.rsp
/usr/bin/x86_64-w64-mingw32-gcc    -Wno-unused-variable   -Wno-unused-label  -Wl,--whole-archive CMakeFiles/cmTC_b45a9.dir/objects.a -Wl,--no-whole-archive -o cmTC_b45a9.exe -Wl,--out-implib,libcmTC_b45a9.dll.a -Wl,--major-image-version,0,--minor-image-version,0 @CMakeFiles/cmTC_b45a9.dir/linklibs.rsp
make[1]: Leaving directory '/export/local/works/doublegsoft.biz/bizprint/03.Development/bizprint/3rd/libwebsockets/build/mingw64/CMakeFiles/CMakeTmp'


Source file was:

		#include <stdio.h>
		static KEYWORD void a() {}
		int main(int argc, char **argv) { a(); return 0; }
		
Performing C SOURCE FILE Test LWS_HAVE___inline__ succeeded with the following output:
Change Dir: /export/local/works/doublegsoft.biz/bizprint/03.Development/bizprint/3rd/libwebsockets/build/mingw64/CMakeFiles/CMakeTmp

Run Build Command(s):/usr/bin/make -f Makefile cmTC_041eb/fast && /usr/bin/make  -f CMakeFiles/cmTC_041eb.dir/build.make CMakeFiles/cmTC_041eb.dir/build
make[1]: Entering directory '/export/local/works/doublegsoft.biz/bizprint/03.Development/bizprint/3rd/libwebsockets/build/mingw64/CMakeFiles/CMakeTmp'
Building C object CMakeFiles/cmTC_041eb.dir/src.c.obj
/usr/bin/x86_64-w64-mingw32-gcc -DKEYWORD=__inline__ -DLWS_HAVE___inline__  -Wno-unused-variable   -Wno-unused-label  -o CMakeFiles/cmTC_041eb.dir/src.c.obj -c /export/local/works/doublegsoft.biz/bizprint/03.Development/bizprint/3rd/libwebsockets/build/mingw64/CMakeFiles/CMakeTmp/src.c
Linking C executable cmTC_041eb.exe
/export/opt/cmake-3.20.6/bin/cmake -E cmake_link_script CMakeFiles/cmTC_041eb.dir/link.txt --verbose=1
/export/opt/cmake-3.20.6/bin/cmake -E rm -f CMakeFiles/cmTC_041eb.dir/objects.a
/usr/bin/x86_64-w64-mingw32-ar cr CMakeFiles/cmTC_041eb.dir/objects.a @CMakeFiles/cmTC_041eb.dir/objects1.rsp
/usr/bin/x86_64-w64-mingw32-gcc    -Wno-unused-variable   -Wno-unused-label  -Wl,--whole-archive CMakeFiles/cmTC_041eb.dir/objects.a -Wl,--no-whole-archive -o cmTC_041eb.exe -Wl,--out-implib,libcmTC_041eb.dll.a -Wl,--major-image-version,0,--minor-image-version,0 @CMakeFiles/cmTC_041eb.dir/linklibs.rsp
make[1]: Leaving directory '/export/local/works/doublegsoft.biz/bizprint/03.Development/bizprint/3rd/libwebsockets/build/mingw64/CMakeFiles/CMakeTmp'


Source file was:

		#include <stdio.h>
		static KEYWORD void a() {}
		int main(int argc, char **argv) { a(); return 0; }
		
Performing C SOURCE FILE Test LWS_HAVE___inline succeeded with the following output:
Change Dir: /export/local/works/doublegsoft.biz/bizprint/03.Development/bizprint/3rd/libwebsockets/build/mingw64/CMakeFiles/CMakeTmp

Run Build Command(s):/usr/bin/make -f Makefile cmTC_f64cf/fast && /usr/bin/make  -f CMakeFiles/cmTC_f64cf.dir/build.make CMakeFiles/cmTC_f64cf.dir/build
make[1]: Entering directory '/export/local/works/doublegsoft.biz/bizprint/03.Development/bizprint/3rd/libwebsockets/build/mingw64/CMakeFiles/CMakeTmp'
Building C object CMakeFiles/cmTC_f64cf.dir/src.c.obj
/usr/bin/x86_64-w64-mingw32-gcc -DKEYWORD=__inline -DLWS_HAVE___inline  -Wno-unused-variable   -Wno-unused-label  -o CMakeFiles/cmTC_f64cf.dir/src.c.obj -c /export/local/works/doublegsoft.biz/bizprint/03.Development/bizprint/3rd/libwebsockets/build/mingw64/CMakeFiles/CMakeTmp/src.c
Linking C executable cmTC_f64cf.exe
/export/opt/cmake-3.20.6/bin/cmake -E cmake_link_script CMakeFiles/cmTC_f64cf.dir/link.txt --verbose=1
/export/opt/cmake-3.20.6/bin/cmake -E rm -f CMakeFiles/cmTC_f64cf.dir/objects.a
/usr/bin/x86_64-w64-mingw32-ar cr CMakeFiles/cmTC_f64cf.dir/objects.a @CMakeFiles/cmTC_f64cf.dir/objects1.rsp
/usr/bin/x86_64-w64-mingw32-gcc    -Wno-unused-variable   -Wno-unused-label  -Wl,--whole-archive CMakeFiles/cmTC_f64cf.dir/objects.a -Wl,--no-whole-archive -o cmTC_f64cf.exe -Wl,--out-implib,libcmTC_f64cf.dll.a -Wl,--major-image-version,0,--minor-image-version,0 @CMakeFiles/cmTC_f64cf.dir/linklibs.rsp
make[1]: Leaving directory '/export/local/works/doublegsoft.biz/bizprint/03.Development/bizprint/3rd/libwebsockets/build/mingw64/CMakeFiles/CMakeTmp'


Source file was:

		#include <stdio.h>
		static KEYWORD void a() {}
		int main(int argc, char **argv) { a(); return 0; }
		
Determining if the function getenv exists passed with the following output:
Change Dir: /export/local/works/doublegsoft.biz/bizprint/03.Development/bizprint/3rd/libwebsockets/build/mingw64/CMakeFiles/CMakeTmp

Run Build Command(s):/usr/bin/make -f Makefile cmTC_77472/fast && /usr/bin/make  -f CMakeFiles/cmTC_77472.dir/build.make CMakeFiles/cmTC_77472.dir/build
make[1]: Entering directory '/export/local/works/doublegsoft.biz/bizprint/03.Development/bizprint/3rd/libwebsockets/build/mingw64/CMakeFiles/CMakeTmp'
Building C object CMakeFiles/cmTC_77472.dir/CheckFunctionExists.c.obj
/usr/bin/x86_64-w64-mingw32-gcc -DKEYWORD=__inline  -Wno-unused-variable   -Wno-unused-label -DCHECK_FUNCTION_EXISTS=getenv -o CMakeFiles/cmTC_77472.dir/CheckFunctionExists.c.obj -c /export/opt/cmake-3.20.6/share/cmake-3.20/Modules/CheckFunctionExists.c
Linking C executable cmTC_77472.exe
/export/opt/cmake-3.20.6/bin/cmake -E cmake_link_script CMakeFiles/cmTC_77472.dir/link.txt --verbose=1
/export/opt/cmake-3.20.6/bin/cmake -E rm -f CMakeFiles/cmTC_77472.dir/objects.a
/usr/bin/x86_64-w64-mingw32-ar cr CMakeFiles/cmTC_77472.dir/objects.a @CMakeFiles/cmTC_77472.dir/objects1.rsp
/usr/bin/x86_64-w64-mingw32-gcc    -Wno-unused-variable   -Wno-unused-label -DCHECK_FUNCTION_EXISTS=getenv -Wl,--whole-archive CMakeFiles/cmTC_77472.dir/objects.a -Wl,--no-whole-archive -o cmTC_77472.exe -Wl,--out-implib,libcmTC_77472.dll.a -Wl,--major-image-version,0,--minor-image-version,0 @CMakeFiles/cmTC_77472.dir/linklibs.rsp
make[1]: Leaving directory '/export/local/works/doublegsoft.biz/bizprint/03.Development/bizprint/3rd/libwebsockets/build/mingw64/CMakeFiles/CMakeTmp'



Determining if the function malloc exists passed with the following output:
Change Dir: /export/local/works/doublegsoft.biz/bizprint/03.Development/bizprint/3rd/libwebsockets/build/mingw64/CMakeFiles/CMakeTmp

Run Build Command(s):/usr/bin/make -f Makefile cmTC_66b40/fast && /usr/bin/make  -f CMakeFiles/cmTC_66b40.dir/build.make CMakeFiles/cmTC_66b40.dir/build
make[1]: Entering directory '/export/local/works/doublegsoft.biz/bizprint/03.Development/bizprint/3rd/libwebsockets/build/mingw64/CMakeFiles/CMakeTmp'
Building C object CMakeFiles/cmTC_66b40.dir/CheckFunctionExists.c.obj
/usr/bin/x86_64-w64-mingw32-gcc -DKEYWORD=__inline  -Wno-unused-variable   -Wno-unused-label -DCHECK_FUNCTION_EXISTS=malloc -o CMakeFiles/cmTC_66b40.dir/CheckFunctionExists.c.obj -c /export/opt/cmake-3.20.6/share/cmake-3.20/Modules/CheckFunctionExists.c
<command-line>:0:23: warning: conflicting types for built-in function ‘malloc’ [-Wbuiltin-declaration-mismatch]
/export/opt/cmake-3.20.6/share/cmake-3.20/Modules/CheckFunctionExists.c:7:3: note: in expansion of macro ‘CHECK_FUNCTION_EXISTS’
   CHECK_FUNCTION_EXISTS(void);
   ^~~~~~~~~~~~~~~~~~~~~
Linking C executable cmTC_66b40.exe
/export/opt/cmake-3.20.6/bin/cmake -E cmake_link_script CMakeFiles/cmTC_66b40.dir/link.txt --verbose=1
/export/opt/cmake-3.20.6/bin/cmake -E rm -f CMakeFiles/cmTC_66b40.dir/objects.a
/usr/bin/x86_64-w64-mingw32-ar cr CMakeFiles/cmTC_66b40.dir/objects.a @CMakeFiles/cmTC_66b40.dir/objects1.rsp
/usr/bin/x86_64-w64-mingw32-gcc    -Wno-unused-variable   -Wno-unused-label -DCHECK_FUNCTION_EXISTS=malloc -Wl,--whole-archive CMakeFiles/cmTC_66b40.dir/objects.a -Wl,--no-whole-archive -o cmTC_66b40.exe -Wl,--out-implib,libcmTC_66b40.dll.a -Wl,--major-image-version,0,--minor-image-version,0 @CMakeFiles/cmTC_66b40.dir/linklibs.rsp
make[1]: Leaving directory '/export/local/works/doublegsoft.biz/bizprint/03.Development/bizprint/3rd/libwebsockets/build/mingw64/CMakeFiles/CMakeTmp'



Determining if the function memset exists passed with the following output:
Change Dir: /export/local/works/doublegsoft.biz/bizprint/03.Development/bizprint/3rd/libwebsockets/build/mingw64/CMakeFiles/CMakeTmp

Run Build Command(s):/usr/bin/make -f Makefile cmTC_65ef0/fast && /usr/bin/make  -f CMakeFiles/cmTC_65ef0.dir/build.make CMakeFiles/cmTC_65ef0.dir/build
make[1]: Entering directory '/export/local/works/doublegsoft.biz/bizprint/03.Development/bizprint/3rd/libwebsockets/build/mingw64/CMakeFiles/CMakeTmp'
Building C object CMakeFiles/cmTC_65ef0.dir/CheckFunctionExists.c.obj
/usr/bin/x86_64-w64-mingw32-gcc -DKEYWORD=__inline  -Wno-unused-variable   -Wno-unused-label -DCHECK_FUNCTION_EXISTS=memset -o CMakeFiles/cmTC_65ef0.dir/CheckFunctionExists.c.obj -c /export/opt/cmake-3.20.6/share/cmake-3.20/Modules/CheckFunctionExists.c
<command-line>:0:23: warning: conflicting types for built-in function ‘memset’ [-Wbuiltin-declaration-mismatch]
/export/opt/cmake-3.20.6/share/cmake-3.20/Modules/CheckFunctionExists.c:7:3: note: in expansion of macro ‘CHECK_FUNCTION_EXISTS’
   CHECK_FUNCTION_EXISTS(void);
   ^~~~~~~~~~~~~~~~~~~~~
Linking C executable cmTC_65ef0.exe
/export/opt/cmake-3.20.6/bin/cmake -E cmake_link_script CMakeFiles/cmTC_65ef0.dir/link.txt --verbose=1
/export/opt/cmake-3.20.6/bin/cmake -E rm -f CMakeFiles/cmTC_65ef0.dir/objects.a
/usr/bin/x86_64-w64-mingw32-ar cr CMakeFiles/cmTC_65ef0.dir/objects.a @CMakeFiles/cmTC_65ef0.dir/objects1.rsp
/usr/bin/x86_64-w64-mingw32-gcc    -Wno-unused-variable   -Wno-unused-label -DCHECK_FUNCTION_EXISTS=memset -Wl,--whole-archive CMakeFiles/cmTC_65ef0.dir/objects.a -Wl,--no-whole-archive -o cmTC_65ef0.exe -Wl,--out-implib,libcmTC_65ef0.dll.a -Wl,--major-image-version,0,--minor-image-version,0 @CMakeFiles/cmTC_65ef0.dir/linklibs.rsp
make[1]: Leaving directory '/export/local/works/doublegsoft.biz/bizprint/03.Development/bizprint/3rd/libwebsockets/build/mingw64/CMakeFiles/CMakeTmp'



Determining if the function realloc exists passed with the following output:
Change Dir: /export/local/works/doublegsoft.biz/bizprint/03.Development/bizprint/3rd/libwebsockets/build/mingw64/CMakeFiles/CMakeTmp

Run Build Command(s):/usr/bin/make -f Makefile cmTC_23b50/fast && /usr/bin/make  -f CMakeFiles/cmTC_23b50.dir/build.make CMakeFiles/cmTC_23b50.dir/build
make[1]: Entering directory '/export/local/works/doublegsoft.biz/bizprint/03.Development/bizprint/3rd/libwebsockets/build/mingw64/CMakeFiles/CMakeTmp'
Building C object CMakeFiles/cmTC_23b50.dir/CheckFunctionExists.c.obj
/usr/bin/x86_64-w64-mingw32-gcc -DKEYWORD=__inline  -Wno-unused-variable   -Wno-unused-label -DCHECK_FUNCTION_EXISTS=realloc -o CMakeFiles/cmTC_23b50.dir/CheckFunctionExists.c.obj -c /export/opt/cmake-3.20.6/share/cmake-3.20/Modules/CheckFunctionExists.c
<command-line>:0:23: warning: conflicting types for built-in function ‘realloc’ [-Wbuiltin-declaration-mismatch]
/export/opt/cmake-3.20.6/share/cmake-3.20/Modules/CheckFunctionExists.c:7:3: note: in expansion of macro ‘CHECK_FUNCTION_EXISTS’
   CHECK_FUNCTION_EXISTS(void);
   ^~~~~~~~~~~~~~~~~~~~~
Linking C executable cmTC_23b50.exe
/export/opt/cmake-3.20.6/bin/cmake -E cmake_link_script CMakeFiles/cmTC_23b50.dir/link.txt --verbose=1
/export/opt/cmake-3.20.6/bin/cmake -E rm -f CMakeFiles/cmTC_23b50.dir/objects.a
/usr/bin/x86_64-w64-mingw32-ar cr CMakeFiles/cmTC_23b50.dir/objects.a @CMakeFiles/cmTC_23b50.dir/objects1.rsp
/usr/bin/x86_64-w64-mingw32-gcc    -Wno-unused-variable   -Wno-unused-label -DCHECK_FUNCTION_EXISTS=realloc -Wl,--whole-archive CMakeFiles/cmTC_23b50.dir/objects.a -Wl,--no-whole-archive -o cmTC_23b50.exe -Wl,--out-implib,libcmTC_23b50.dll.a -Wl,--major-image-version,0,--minor-image-version,0 @CMakeFiles/cmTC_23b50.dir/linklibs.rsp
make[1]: Leaving directory '/export/local/works/doublegsoft.biz/bizprint/03.Development/bizprint/3rd/libwebsockets/build/mingw64/CMakeFiles/CMakeTmp'



Determining if the function strerror exists passed with the following output:
Change Dir: /export/local/works/doublegsoft.biz/bizprint/03.Development/bizprint/3rd/libwebsockets/build/mingw64/CMakeFiles/CMakeTmp

Run Build Command(s):/usr/bin/make -f Makefile cmTC_52b12/fast && /usr/bin/make  -f CMakeFiles/cmTC_52b12.dir/build.make CMakeFiles/cmTC_52b12.dir/build
make[1]: Entering directory '/export/local/works/doublegsoft.biz/bizprint/03.Development/bizprint/3rd/libwebsockets/build/mingw64/CMakeFiles/CMakeTmp'
Building C object CMakeFiles/cmTC_52b12.dir/CheckFunctionExists.c.obj
/usr/bin/x86_64-w64-mingw32-gcc -DKEYWORD=__inline  -Wno-unused-variable   -Wno-unused-label -DCHECK_FUNCTION_EXISTS=strerror -o CMakeFiles/cmTC_52b12.dir/CheckFunctionExists.c.obj -c /export/opt/cmake-3.20.6/share/cmake-3.20/Modules/CheckFunctionExists.c
Linking C executable cmTC_52b12.exe
/export/opt/cmake-3.20.6/bin/cmake -E cmake_link_script CMakeFiles/cmTC_52b12.dir/link.txt --verbose=1
/export/opt/cmake-3.20.6/bin/cmake -E rm -f CMakeFiles/cmTC_52b12.dir/objects.a
/usr/bin/x86_64-w64-mingw32-ar cr CMakeFiles/cmTC_52b12.dir/objects.a @CMakeFiles/cmTC_52b12.dir/objects1.rsp
/usr/bin/x86_64-w64-mingw32-gcc    -Wno-unused-variable   -Wno-unused-label -DCHECK_FUNCTION_EXISTS=strerror -Wl,--whole-archive CMakeFiles/cmTC_52b12.dir/objects.a -Wl,--no-whole-archive -o cmTC_52b12.exe -Wl,--out-implib,libcmTC_52b12.dll.a -Wl,--major-image-version,0,--minor-image-version,0 @CMakeFiles/cmTC_52b12.dir/linklibs.rsp
make[1]: Leaving directory '/export/local/works/doublegsoft.biz/bizprint/03.Development/bizprint/3rd/libwebsockets/build/mingw64/CMakeFiles/CMakeTmp'



Determining if the function execvpe exists passed with the following output:
Change Dir: /export/local/works/doublegsoft.biz/bizprint/03.Development/bizprint/3rd/libwebsockets/build/mingw64/CMakeFiles/CMakeTmp

Run Build Command(s):/usr/bin/make -f Makefile cmTC_a0271/fast && /usr/bin/make  -f CMakeFiles/cmTC_a0271.dir/build.make CMakeFiles/cmTC_a0271.dir/build
make[1]: Entering directory '/export/local/works/doublegsoft.biz/bizprint/03.Development/bizprint/3rd/libwebsockets/build/mingw64/CMakeFiles/CMakeTmp'
Building C object CMakeFiles/cmTC_a0271.dir/CheckFunctionExists.c.obj
/usr/bin/x86_64-w64-mingw32-gcc -DKEYWORD=__inline  -Wno-unused-variable   -Wno-unused-label -DCHECK_FUNCTION_EXISTS=execvpe -o CMakeFiles/cmTC_a0271.dir/CheckFunctionExists.c.obj -c /export/opt/cmake-3.20.6/share/cmake-3.20/Modules/CheckFunctionExists.c
Linking C executable cmTC_a0271.exe
/export/opt/cmake-3.20.6/bin/cmake -E cmake_link_script CMakeFiles/cmTC_a0271.dir/link.txt --verbose=1
/export/opt/cmake-3.20.6/bin/cmake -E rm -f CMakeFiles/cmTC_a0271.dir/objects.a
/usr/bin/x86_64-w64-mingw32-ar cr CMakeFiles/cmTC_a0271.dir/objects.a @CMakeFiles/cmTC_a0271.dir/objects1.rsp
/usr/bin/x86_64-w64-mingw32-gcc    -Wno-unused-variable   -Wno-unused-label -DCHECK_FUNCTION_EXISTS=execvpe -Wl,--whole-archive CMakeFiles/cmTC_a0271.dir/objects.a -Wl,--no-whole-archive -o cmTC_a0271.exe -Wl,--out-implib,libcmTC_a0271.dll.a -Wl,--major-image-version,0,--minor-image-version,0 @CMakeFiles/cmTC_a0271.dir/linklibs.rsp
make[1]: Leaving directory '/export/local/works/doublegsoft.biz/bizprint/03.Development/bizprint/3rd/libwebsockets/build/mingw64/CMakeFiles/CMakeTmp'



Determining if the function snprintf exists passed with the following output:
Change Dir: /export/local/works/doublegsoft.biz/bizprint/03.Development/bizprint/3rd/libwebsockets/build/mingw64/CMakeFiles/CMakeTmp

Run Build Command(s):/usr/bin/make -f Makefile cmTC_579e3/fast && /usr/bin/make  -f CMakeFiles/cmTC_579e3.dir/build.make CMakeFiles/cmTC_579e3.dir/build
make[1]: Entering directory '/export/local/works/doublegsoft.biz/bizprint/03.Development/bizprint/3rd/libwebsockets/build/mingw64/CMakeFiles/CMakeTmp'
Building C object CMakeFiles/cmTC_579e3.dir/CheckFunctionExists.c.obj
/usr/bin/x86_64-w64-mingw32-gcc -DKEYWORD=__inline  -Wno-unused-variable   -Wno-unused-label -DCHECK_FUNCTION_EXISTS=snprintf -o CMakeFiles/cmTC_579e3.dir/CheckFunctionExists.c.obj -c /export/opt/cmake-3.20.6/share/cmake-3.20/Modules/CheckFunctionExists.c
<command-line>:0:23: warning: conflicting types for built-in function ‘snprintf’ [-Wbuiltin-declaration-mismatch]
/export/opt/cmake-3.20.6/share/cmake-3.20/Modules/CheckFunctionExists.c:7:3: note: in expansion of macro ‘CHECK_FUNCTION_EXISTS’
   CHECK_FUNCTION_EXISTS(void);
   ^~~~~~~~~~~~~~~~~~~~~
Linking C executable cmTC_579e3.exe
/export/opt/cmake-3.20.6/bin/cmake -E cmake_link_script CMakeFiles/cmTC_579e3.dir/link.txt --verbose=1
/export/opt/cmake-3.20.6/bin/cmake -E rm -f CMakeFiles/cmTC_579e3.dir/objects.a
/usr/bin/x86_64-w64-mingw32-ar cr CMakeFiles/cmTC_579e3.dir/objects.a @CMakeFiles/cmTC_579e3.dir/objects1.rsp
/usr/bin/x86_64-w64-mingw32-gcc    -Wno-unused-variable   -Wno-unused-label -DCHECK_FUNCTION_EXISTS=snprintf -Wl,--whole-archive CMakeFiles/cmTC_579e3.dir/objects.a -Wl,--no-whole-archive -o cmTC_579e3.exe -Wl,--out-implib,libcmTC_579e3.dll.a -Wl,--major-image-version,0,--minor-image-version,0 @CMakeFiles/cmTC_579e3.dir/linklibs.rsp
make[1]: Leaving directory '/export/local/works/doublegsoft.biz/bizprint/03.Development/bizprint/3rd/libwebsockets/build/mingw64/CMakeFiles/CMakeTmp'



Determining if the function _snprintf exists passed with the following output:
Change Dir: /export/local/works/doublegsoft.biz/bizprint/03.Development/bizprint/3rd/libwebsockets/build/mingw64/CMakeFiles/CMakeTmp

Run Build Command(s):/usr/bin/make -f Makefile cmTC_a2f9f/fast && /usr/bin/make  -f CMakeFiles/cmTC_a2f9f.dir/build.make CMakeFiles/cmTC_a2f9f.dir/build
make[1]: Entering directory '/export/local/works/doublegsoft.biz/bizprint/03.Development/bizprint/3rd/libwebsockets/build/mingw64/CMakeFiles/CMakeTmp'
Building C object CMakeFiles/cmTC_a2f9f.dir/CheckFunctionExists.c.obj
/usr/bin/x86_64-w64-mingw32-gcc -DKEYWORD=__inline  -Wno-unused-variable   -Wno-unused-label -DCHECK_FUNCTION_EXISTS=_snprintf -o CMakeFiles/cmTC_a2f9f.dir/CheckFunctionExists.c.obj -c /export/opt/cmake-3.20.6/share/cmake-3.20/Modules/CheckFunctionExists.c
Linking C executable cmTC_a2f9f.exe
/export/opt/cmake-3.20.6/bin/cmake -E cmake_link_script CMakeFiles/cmTC_a2f9f.dir/link.txt --verbose=1
/export/opt/cmake-3.20.6/bin/cmake -E rm -f CMakeFiles/cmTC_a2f9f.dir/objects.a
/usr/bin/x86_64-w64-mingw32-ar cr CMakeFiles/cmTC_a2f9f.dir/objects.a @CMakeFiles/cmTC_a2f9f.dir/objects1.rsp
/usr/bin/x86_64-w64-mingw32-gcc    -Wno-unused-variable   -Wno-unused-label -DCHECK_FUNCTION_EXISTS=_snprintf -Wl,--whole-archive CMakeFiles/cmTC_a2f9f.dir/objects.a -Wl,--no-whole-archive -o cmTC_a2f9f.exe -Wl,--out-implib,libcmTC_a2f9f.dll.a -Wl,--major-image-version,0,--minor-image-version,0 @CMakeFiles/cmTC_a2f9f.dir/linklibs.rsp
make[1]: Leaving directory '/export/local/works/doublegsoft.biz/bizprint/03.Development/bizprint/3rd/libwebsockets/build/mingw64/CMakeFiles/CMakeTmp'



Determining if the function _vsnprintf exists passed with the following output:
Change Dir: /export/local/works/doublegsoft.biz/bizprint/03.Development/bizprint/3rd/libwebsockets/build/mingw64/CMakeFiles/CMakeTmp

Run Build Command(s):/usr/bin/make -f Makefile cmTC_7e6bf/fast && /usr/bin/make  -f CMakeFiles/cmTC_7e6bf.dir/build.make CMakeFiles/cmTC_7e6bf.dir/build
make[1]: Entering directory '/export/local/works/doublegsoft.biz/bizprint/03.Development/bizprint/3rd/libwebsockets/build/mingw64/CMakeFiles/CMakeTmp'
Building C object CMakeFiles/cmTC_7e6bf.dir/CheckFunctionExists.c.obj
/usr/bin/x86_64-w64-mingw32-gcc -DKEYWORD=__inline  -Wno-unused-variable   -Wno-unused-label -DCHECK_FUNCTION_EXISTS=_vsnprintf -o CMakeFiles/cmTC_7e6bf.dir/CheckFunctionExists.c.obj -c /export/opt/cmake-3.20.6/share/cmake-3.20/Modules/CheckFunctionExists.c
Linking C executable cmTC_7e6bf.exe
/export/opt/cmake-3.20.6/bin/cmake -E cmake_link_script CMakeFiles/cmTC_7e6bf.dir/link.txt --verbose=1
/export/opt/cmake-3.20.6/bin/cmake -E rm -f CMakeFiles/cmTC_7e6bf.dir/objects.a
/usr/bin/x86_64-w64-mingw32-ar cr CMakeFiles/cmTC_7e6bf.dir/objects.a @CMakeFiles/cmTC_7e6bf.dir/objects1.rsp
/usr/bin/x86_64-w64-mingw32-gcc    -Wno-unused-variable   -Wno-unused-label -DCHECK_FUNCTION_EXISTS=_vsnprintf -Wl,--whole-archive CMakeFiles/cmTC_7e6bf.dir/objects.a -Wl,--no-whole-archive -o cmTC_7e6bf.exe -Wl,--out-implib,libcmTC_7e6bf.dll.a -Wl,--major-image-version,0,--minor-image-version,0 @CMakeFiles/cmTC_7e6bf.dir/linklibs.rsp
make[1]: Leaving directory '/export/local/works/doublegsoft.biz/bizprint/03.Development/bizprint/3rd/libwebsockets/build/mingw64/CMakeFiles/CMakeTmp'



Determining if the function atoll exists passed with the following output:
Change Dir: /export/local/works/doublegsoft.biz/bizprint/03.Development/bizprint/3rd/libwebsockets/build/mingw64/CMakeFiles/CMakeTmp

Run Build Command(s):/usr/bin/make -f Makefile cmTC_f2252/fast && /usr/bin/make  -f CMakeFiles/cmTC_f2252.dir/build.make CMakeFiles/cmTC_f2252.dir/build
make[1]: Entering directory '/export/local/works/doublegsoft.biz/bizprint/03.Development/bizprint/3rd/libwebsockets/build/mingw64/CMakeFiles/CMakeTmp'
Building C object CMakeFiles/cmTC_f2252.dir/CheckFunctionExists.c.obj
/usr/bin/x86_64-w64-mingw32-gcc -DKEYWORD=__inline  -Wno-unused-variable   -Wno-unused-label -DCHECK_FUNCTION_EXISTS=atoll -o CMakeFiles/cmTC_f2252.dir/CheckFunctionExists.c.obj -c /export/opt/cmake-3.20.6/share/cmake-3.20/Modules/CheckFunctionExists.c
Linking C executable cmTC_f2252.exe
/export/opt/cmake-3.20.6/bin/cmake -E cmake_link_script CMakeFiles/cmTC_f2252.dir/link.txt --verbose=1
/export/opt/cmake-3.20.6/bin/cmake -E rm -f CMakeFiles/cmTC_f2252.dir/objects.a
/usr/bin/x86_64-w64-mingw32-ar cr CMakeFiles/cmTC_f2252.dir/objects.a @CMakeFiles/cmTC_f2252.dir/objects1.rsp
/usr/bin/x86_64-w64-mingw32-gcc    -Wno-unused-variable   -Wno-unused-label -DCHECK_FUNCTION_EXISTS=atoll -Wl,--whole-archive CMakeFiles/cmTC_f2252.dir/objects.a -Wl,--no-whole-archive -o cmTC_f2252.exe -Wl,--out-implib,libcmTC_f2252.dll.a -Wl,--major-image-version,0,--minor-image-version,0 @CMakeFiles/cmTC_f2252.dir/linklibs.rsp
make[1]: Leaving directory '/export/local/works/doublegsoft.biz/bizprint/03.Development/bizprint/3rd/libwebsockets/build/mingw64/CMakeFiles/CMakeTmp'



Determining if the function _atoi64 exists passed with the following output:
Change Dir: /export/local/works/doublegsoft.biz/bizprint/03.Development/bizprint/3rd/libwebsockets/build/mingw64/CMakeFiles/CMakeTmp

Run Build Command(s):/usr/bin/make -f Makefile cmTC_783dd/fast && /usr/bin/make  -f CMakeFiles/cmTC_783dd.dir/build.make CMakeFiles/cmTC_783dd.dir/build
make[1]: Entering directory '/export/local/works/doublegsoft.biz/bizprint/03.Development/bizprint/3rd/libwebsockets/build/mingw64/CMakeFiles/CMakeTmp'
Building C object CMakeFiles/cmTC_783dd.dir/CheckFunctionExists.c.obj
/usr/bin/x86_64-w64-mingw32-gcc -DKEYWORD=__inline  -Wno-unused-variable   -Wno-unused-label -DCHECK_FUNCTION_EXISTS=_atoi64 -o CMakeFiles/cmTC_783dd.dir/CheckFunctionExists.c.obj -c /export/opt/cmake-3.20.6/share/cmake-3.20/Modules/CheckFunctionExists.c
Linking C executable cmTC_783dd.exe
/export/opt/cmake-3.20.6/bin/cmake -E cmake_link_script CMakeFiles/cmTC_783dd.dir/link.txt --verbose=1
/export/opt/cmake-3.20.6/bin/cmake -E rm -f CMakeFiles/cmTC_783dd.dir/objects.a
/usr/bin/x86_64-w64-mingw32-ar cr CMakeFiles/cmTC_783dd.dir/objects.a @CMakeFiles/cmTC_783dd.dir/objects1.rsp
/usr/bin/x86_64-w64-mingw32-gcc    -Wno-unused-variable   -Wno-unused-label -DCHECK_FUNCTION_EXISTS=_atoi64 -Wl,--whole-archive CMakeFiles/cmTC_783dd.dir/objects.a -Wl,--no-whole-archive -o cmTC_783dd.exe -Wl,--out-implib,libcmTC_783dd.dll.a -Wl,--major-image-version,0,--minor-image-version,0 @CMakeFiles/cmTC_783dd.dir/linklibs.rsp
make[1]: Leaving directory '/export/local/works/doublegsoft.biz/bizprint/03.Development/bizprint/3rd/libwebsockets/build/mingw64/CMakeFiles/CMakeTmp'



Performing C SOURCE FILE Test LWS_HAVE_IN6ADDR_H succeeded with the following output:
Change Dir: /export/local/works/doublegsoft.biz/bizprint/03.Development/bizprint/3rd/libwebsockets/build/mingw64/CMakeFiles/CMakeTmp

Run Build Command(s):/usr/bin/make -f Makefile cmTC_c8395/fast && /usr/bin/make  -f CMakeFiles/cmTC_c8395.dir/build.make CMakeFiles/cmTC_c8395.dir/build
make[1]: Entering directory '/export/local/works/doublegsoft.biz/bizprint/03.Development/bizprint/3rd/libwebsockets/build/mingw64/CMakeFiles/CMakeTmp'
Building C object CMakeFiles/cmTC_c8395.dir/src.c.obj
/usr/bin/x86_64-w64-mingw32-gcc -DKEYWORD=__inline -DLWS_HAVE_IN6ADDR_H  -Wno-unused-variable   -Wno-unused-label  -o CMakeFiles/cmTC_c8395.dir/src.c.obj -c /export/local/works/doublegsoft.biz/bizprint/03.Development/bizprint/3rd/libwebsockets/build/mingw64/CMakeFiles/CMakeTmp/src.c
Linking C executable cmTC_c8395.exe
/export/opt/cmake-3.20.6/bin/cmake -E cmake_link_script CMakeFiles/cmTC_c8395.dir/link.txt --verbose=1
/export/opt/cmake-3.20.6/bin/cmake -E rm -f CMakeFiles/cmTC_c8395.dir/objects.a
/usr/bin/x86_64-w64-mingw32-ar cr CMakeFiles/cmTC_c8395.dir/objects.a @CMakeFiles/cmTC_c8395.dir/objects1.rsp
/usr/bin/x86_64-w64-mingw32-gcc    -Wno-unused-variable   -Wno-unused-label  -Wl,--whole-archive CMakeFiles/cmTC_c8395.dir/objects.a -Wl,--no-whole-archive -o cmTC_c8395.exe -Wl,--out-implib,libcmTC_c8395.dll.a -Wl,--major-image-version,0,--minor-image-version,0 @CMakeFiles/cmTC_c8395.dir/linklibs.rsp
make[1]: Leaving directory '/export/local/works/doublegsoft.biz/bizprint/03.Development/bizprint/3rd/libwebsockets/build/mingw64/CMakeFiles/CMakeTmp'


Source file was:
#include <malloc.h>
void main(void) { while(1) ; } void xxexit(void){}
Performing C SOURCE FILE Test LWS_HAVE_MEMORY_H succeeded with the following output:
Change Dir: /export/local/works/doublegsoft.biz/bizprint/03.Development/bizprint/3rd/libwebsockets/build/mingw64/CMakeFiles/CMakeTmp

Run Build Command(s):/usr/bin/make -f Makefile cmTC_661c6/fast && /usr/bin/make  -f CMakeFiles/cmTC_661c6.dir/build.make CMakeFiles/cmTC_661c6.dir/build
make[1]: Entering directory '/export/local/works/doublegsoft.biz/bizprint/03.Development/bizprint/3rd/libwebsockets/build/mingw64/CMakeFiles/CMakeTmp'
Building C object CMakeFiles/cmTC_661c6.dir/src.c.obj
/usr/bin/x86_64-w64-mingw32-gcc -DKEYWORD=__inline -DLWS_HAVE_MEMORY_H  -Wno-unused-variable   -Wno-unused-label  -o CMakeFiles/cmTC_661c6.dir/src.c.obj -c /export/local/works/doublegsoft.biz/bizprint/03.Development/bizprint/3rd/libwebsockets/build/mingw64/CMakeFiles/CMakeTmp/src.c
Linking C executable cmTC_661c6.exe
/export/opt/cmake-3.20.6/bin/cmake -E cmake_link_script CMakeFiles/cmTC_661c6.dir/link.txt --verbose=1
/export/opt/cmake-3.20.6/bin/cmake -E rm -f CMakeFiles/cmTC_661c6.dir/objects.a
/usr/bin/x86_64-w64-mingw32-ar cr CMakeFiles/cmTC_661c6.dir/objects.a @CMakeFiles/cmTC_661c6.dir/objects1.rsp
/usr/bin/x86_64-w64-mingw32-gcc    -Wno-unused-variable   -Wno-unused-label  -Wl,--whole-archive CMakeFiles/cmTC_661c6.dir/objects.a -Wl,--no-whole-archive -o cmTC_661c6.exe -Wl,--out-implib,libcmTC_661c6.dll.a -Wl,--major-image-version,0,--minor-image-version,0 @CMakeFiles/cmTC_661c6.dir/linklibs.rsp
make[1]: Leaving directory '/export/local/works/doublegsoft.biz/bizprint/03.Development/bizprint/3rd/libwebsockets/build/mingw64/CMakeFiles/CMakeTmp'


Source file was:
#include <memory.h>
void main(void) { while(1) ; } void xxexit(void){}
Performing C SOURCE FILE Test LWS_HAVE_STDINT_H succeeded with the following output:
Change Dir: /export/local/works/doublegsoft.biz/bizprint/03.Development/bizprint/3rd/libwebsockets/build/mingw64/CMakeFiles/CMakeTmp

Run Build Command(s):/usr/bin/make -f Makefile cmTC_5a80d/fast && /usr/bin/make  -f CMakeFiles/cmTC_5a80d.dir/build.make CMakeFiles/cmTC_5a80d.dir/build
make[1]: Entering directory '/export/local/works/doublegsoft.biz/bizprint/03.Development/bizprint/3rd/libwebsockets/build/mingw64/CMakeFiles/CMakeTmp'
Building C object CMakeFiles/cmTC_5a80d.dir/src.c.obj
/usr/bin/x86_64-w64-mingw32-gcc -DKEYWORD=__inline -DLWS_HAVE_STDINT_H  -Wno-unused-variable   -Wno-unused-label  -o CMakeFiles/cmTC_5a80d.dir/src.c.obj -c /export/local/works/doublegsoft.biz/bizprint/03.Development/bizprint/3rd/libwebsockets/build/mingw64/CMakeFiles/CMakeTmp/src.c
Linking C executable cmTC_5a80d.exe
/export/opt/cmake-3.20.6/bin/cmake -E cmake_link_script CMakeFiles/cmTC_5a80d.dir/link.txt --verbose=1
/export/opt/cmake-3.20.6/bin/cmake -E rm -f CMakeFiles/cmTC_5a80d.dir/objects.a
/usr/bin/x86_64-w64-mingw32-ar cr CMakeFiles/cmTC_5a80d.dir/objects.a @CMakeFiles/cmTC_5a80d.dir/objects1.rsp
/usr/bin/x86_64-w64-mingw32-gcc    -Wno-unused-variable   -Wno-unused-label  -Wl,--whole-archive CMakeFiles/cmTC_5a80d.dir/objects.a -Wl,--no-whole-archive -o cmTC_5a80d.exe -Wl,--out-implib,libcmTC_5a80d.dll.a -Wl,--major-image-version,0,--minor-image-version,0 @CMakeFiles/cmTC_5a80d.dir/linklibs.rsp
make[1]: Leaving directory '/export/local/works/doublegsoft.biz/bizprint/03.Development/bizprint/3rd/libwebsockets/build/mingw64/CMakeFiles/CMakeTmp'


Source file was:
#include <stdint.h>
void main(void) { while(1) ; } void xxexit(void){}
Performing C SOURCE FILE Test LWS_HAVE_STDLIB_H succeeded with the following output:
Change Dir: /export/local/works/doublegsoft.biz/bizprint/03.Development/bizprint/3rd/libwebsockets/build/mingw64/CMakeFiles/CMakeTmp

Run Build Command(s):/usr/bin/make -f Makefile cmTC_53bc7/fast && /usr/bin/make  -f CMakeFiles/cmTC_53bc7.dir/build.make CMakeFiles/cmTC_53bc7.dir/build
make[1]: Entering directory '/export/local/works/doublegsoft.biz/bizprint/03.Development/bizprint/3rd/libwebsockets/build/mingw64/CMakeFiles/CMakeTmp'
Building C object CMakeFiles/cmTC_53bc7.dir/src.c.obj
/usr/bin/x86_64-w64-mingw32-gcc -DKEYWORD=__inline -DLWS_HAVE_STDLIB_H  -Wno-unused-variable   -Wno-unused-label  -o CMakeFiles/cmTC_53bc7.dir/src.c.obj -c /export/local/works/doublegsoft.biz/bizprint/03.Development/bizprint/3rd/libwebsockets/build/mingw64/CMakeFiles/CMakeTmp/src.c
Linking C executable cmTC_53bc7.exe
/export/opt/cmake-3.20.6/bin/cmake -E cmake_link_script CMakeFiles/cmTC_53bc7.dir/link.txt --verbose=1
/export/opt/cmake-3.20.6/bin/cmake -E rm -f CMakeFiles/cmTC_53bc7.dir/objects.a
/usr/bin/x86_64-w64-mingw32-ar cr CMakeFiles/cmTC_53bc7.dir/objects.a @CMakeFiles/cmTC_53bc7.dir/objects1.rsp
/usr/bin/x86_64-w64-mingw32-gcc    -Wno-unused-variable   -Wno-unused-label  -Wl,--whole-archive CMakeFiles/cmTC_53bc7.dir/objects.a -Wl,--no-whole-archive -o cmTC_53bc7.exe -Wl,--out-implib,libcmTC_53bc7.dll.a -Wl,--major-image-version,0,--minor-image-version,0 @CMakeFiles/cmTC_53bc7.dir/linklibs.rsp
make[1]: Leaving directory '/export/local/works/doublegsoft.biz/bizprint/03.Development/bizprint/3rd/libwebsockets/build/mingw64/CMakeFiles/CMakeTmp'


Source file was:
#include <stdlib.h>
void main(void) { while(1) ; } void xxexit(void){}
Performing C SOURCE FILE Test LWS_HAVE_STRINGS_H succeeded with the following output:
Change Dir: /export/local/works/doublegsoft.biz/bizprint/03.Development/bizprint/3rd/libwebsockets/build/mingw64/CMakeFiles/CMakeTmp

Run Build Command(s):/usr/bin/make -f Makefile cmTC_2018e/fast && /usr/bin/make  -f CMakeFiles/cmTC_2018e.dir/build.make CMakeFiles/cmTC_2018e.dir/build
make[1]: Entering directory '/export/local/works/doublegsoft.biz/bizprint/03.Development/bizprint/3rd/libwebsockets/build/mingw64/CMakeFiles/CMakeTmp'
Building C object CMakeFiles/cmTC_2018e.dir/src.c.obj
/usr/bin/x86_64-w64-mingw32-gcc -DKEYWORD=__inline -DLWS_HAVE_STRINGS_H  -Wno-unused-variable   -Wno-unused-label  -o CMakeFiles/cmTC_2018e.dir/src.c.obj -c /export/local/works/doublegsoft.biz/bizprint/03.Development/bizprint/3rd/libwebsockets/build/mingw64/CMakeFiles/CMakeTmp/src.c
Linking C executable cmTC_2018e.exe
/export/opt/cmake-3.20.6/bin/cmake -E cmake_link_script CMakeFiles/cmTC_2018e.dir/link.txt --verbose=1
/export/opt/cmake-3.20.6/bin/cmake -E rm -f CMakeFiles/cmTC_2018e.dir/objects.a
/usr/bin/x86_64-w64-mingw32-ar cr CMakeFiles/cmTC_2018e.dir/objects.a @CMakeFiles/cmTC_2018e.dir/objects1.rsp
/usr/bin/x86_64-w64-mingw32-gcc    -Wno-unused-variable   -Wno-unused-label  -Wl,--whole-archive CMakeFiles/cmTC_2018e.dir/objects.a -Wl,--no-whole-archive -o cmTC_2018e.exe -Wl,--out-implib,libcmTC_2018e.dll.a -Wl,--major-image-version,0,--minor-image-version,0 @CMakeFiles/cmTC_2018e.dir/linklibs.rsp
make[1]: Leaving directory '/export/local/works/doublegsoft.biz/bizprint/03.Development/bizprint/3rd/libwebsockets/build/mingw64/CMakeFiles/CMakeTmp'


Source file was:
#include <strings.h>
void main(void) { while(1) ; } void xxexit(void){}
Performing C SOURCE FILE Test LWS_HAVE_STRING_H succeeded with the following output:
Change Dir: /export/local/works/doublegsoft.biz/bizprint/03.Development/bizprint/3rd/libwebsockets/build/mingw64/CMakeFiles/CMakeTmp

Run Build Command(s):/usr/bin/make -f Makefile cmTC_7e3ae/fast && /usr/bin/make  -f CMakeFiles/cmTC_7e3ae.dir/build.make CMakeFiles/cmTC_7e3ae.dir/build
make[1]: Entering directory '/export/local/works/doublegsoft.biz/bizprint/03.Development/bizprint/3rd/libwebsockets/build/mingw64/CMakeFiles/CMakeTmp'
Building C object CMakeFiles/cmTC_7e3ae.dir/src.c.obj
/usr/bin/x86_64-w64-mingw32-gcc -DKEYWORD=__inline -DLWS_HAVE_STRING_H  -Wno-unused-variable   -Wno-unused-label  -o CMakeFiles/cmTC_7e3ae.dir/src.c.obj -c /export/local/works/doublegsoft.biz/bizprint/03.Development/bizprint/3rd/libwebsockets/build/mingw64/CMakeFiles/CMakeTmp/src.c
Linking C executable cmTC_7e3ae.exe
/export/opt/cmake-3.20.6/bin/cmake -E cmake_link_script CMakeFiles/cmTC_7e3ae.dir/link.txt --verbose=1
/export/opt/cmake-3.20.6/bin/cmake -E rm -f CMakeFiles/cmTC_7e3ae.dir/objects.a
/usr/bin/x86_64-w64-mingw32-ar cr CMakeFiles/cmTC_7e3ae.dir/objects.a @CMakeFiles/cmTC_7e3ae.dir/objects1.rsp
/usr/bin/x86_64-w64-mingw32-gcc    -Wno-unused-variable   -Wno-unused-label  -Wl,--whole-archive CMakeFiles/cmTC_7e3ae.dir/objects.a -Wl,--no-whole-archive -o cmTC_7e3ae.exe -Wl,--out-implib,libcmTC_7e3ae.dll.a -Wl,--major-image-version,0,--minor-image-version,0 @CMakeFiles/cmTC_7e3ae.dir/linklibs.rsp
make[1]: Leaving directory '/export/local/works/doublegsoft.biz/bizprint/03.Development/bizprint/3rd/libwebsockets/build/mingw64/CMakeFiles/CMakeTmp'


Source file was:
#include <string.h>
void main(void) { while(1) ; } void xxexit(void){}
Performing C SOURCE FILE Test LWS_HAVE_SYS_STAT_H succeeded with the following output:
Change Dir: /export/local/works/doublegsoft.biz/bizprint/03.Development/bizprint/3rd/libwebsockets/build/mingw64/CMakeFiles/CMakeTmp

Run Build Command(s):/usr/bin/make -f Makefile cmTC_37d24/fast && /usr/bin/make  -f CMakeFiles/cmTC_37d24.dir/build.make CMakeFiles/cmTC_37d24.dir/build
make[1]: Entering directory '/export/local/works/doublegsoft.biz/bizprint/03.Development/bizprint/3rd/libwebsockets/build/mingw64/CMakeFiles/CMakeTmp'
Building C object CMakeFiles/cmTC_37d24.dir/src.c.obj
/usr/bin/x86_64-w64-mingw32-gcc -DKEYWORD=__inline -DLWS_HAVE_SYS_STAT_H  -Wno-unused-variable   -Wno-unused-label  -o CMakeFiles/cmTC_37d24.dir/src.c.obj -c /export/local/works/doublegsoft.biz/bizprint/03.Development/bizprint/3rd/libwebsockets/build/mingw64/CMakeFiles/CMakeTmp/src.c
Linking C executable cmTC_37d24.exe
/export/opt/cmake-3.20.6/bin/cmake -E cmake_link_script CMakeFiles/cmTC_37d24.dir/link.txt --verbose=1
/export/opt/cmake-3.20.6/bin/cmake -E rm -f CMakeFiles/cmTC_37d24.dir/objects.a
/usr/bin/x86_64-w64-mingw32-ar cr CMakeFiles/cmTC_37d24.dir/objects.a @CMakeFiles/cmTC_37d24.dir/objects1.rsp
/usr/bin/x86_64-w64-mingw32-gcc    -Wno-unused-variable   -Wno-unused-label  -Wl,--whole-archive CMakeFiles/cmTC_37d24.dir/objects.a -Wl,--no-whole-archive -o cmTC_37d24.exe -Wl,--out-implib,libcmTC_37d24.dll.a -Wl,--major-image-version,0,--minor-image-version,0 @CMakeFiles/cmTC_37d24.dir/linklibs.rsp
make[1]: Leaving directory '/export/local/works/doublegsoft.biz/bizprint/03.Development/bizprint/3rd/libwebsockets/build/mingw64/CMakeFiles/CMakeTmp'


Source file was:
#include <sys/stat.h>
void main(void) { while(1) ; } void xxexit(void){}
Performing C SOURCE FILE Test LWS_HAVE_SYS_TYPES_H succeeded with the following output:
Change Dir: /export/local/works/doublegsoft.biz/bizprint/03.Development/bizprint/3rd/libwebsockets/build/mingw64/CMakeFiles/CMakeTmp

Run Build Command(s):/usr/bin/make -f Makefile cmTC_ae8b3/fast && /usr/bin/make  -f CMakeFiles/cmTC_ae8b3.dir/build.make CMakeFiles/cmTC_ae8b3.dir/build
make[1]: Entering directory '/export/local/works/doublegsoft.biz/bizprint/03.Development/bizprint/3rd/libwebsockets/build/mingw64/CMakeFiles/CMakeTmp'
Building C object CMakeFiles/cmTC_ae8b3.dir/src.c.obj
/usr/bin/x86_64-w64-mingw32-gcc -DKEYWORD=__inline -DLWS_HAVE_SYS_TYPES_H  -Wno-unused-variable   -Wno-unused-label  -o CMakeFiles/cmTC_ae8b3.dir/src.c.obj -c /export/local/works/doublegsoft.biz/bizprint/03.Development/bizprint/3rd/libwebsockets/build/mingw64/CMakeFiles/CMakeTmp/src.c
Linking C executable cmTC_ae8b3.exe
/export/opt/cmake-3.20.6/bin/cmake -E cmake_link_script CMakeFiles/cmTC_ae8b3.dir/link.txt --verbose=1
/export/opt/cmake-3.20.6/bin/cmake -E rm -f CMakeFiles/cmTC_ae8b3.dir/objects.a
/usr/bin/x86_64-w64-mingw32-ar cr CMakeFiles/cmTC_ae8b3.dir/objects.a @CMakeFiles/cmTC_ae8b3.dir/objects1.rsp
/usr/bin/x86_64-w64-mingw32-gcc    -Wno-unused-variable   -Wno-unused-label  -Wl,--whole-archive CMakeFiles/cmTC_ae8b3.dir/objects.a -Wl,--no-whole-archive -o cmTC_ae8b3.exe -Wl,--out-implib,libcmTC_ae8b3.dll.a -Wl,--major-image-version,0,--minor-image-version,0 @CMakeFiles/cmTC_ae8b3.dir/linklibs.rsp
make[1]: Leaving directory '/export/local/works/doublegsoft.biz/bizprint/03.Development/bizprint/3rd/libwebsockets/build/mingw64/CMakeFiles/CMakeTmp'


Source file was:
#include <sys/types.h>
void main(void) { while(1) ; } void xxexit(void){}
Performing C SOURCE FILE Test LWS_HAVE_UNISTD_H succeeded with the following output:
Change Dir: /export/local/works/doublegsoft.biz/bizprint/03.Development/bizprint/3rd/libwebsockets/build/mingw64/CMakeFiles/CMakeTmp

Run Build Command(s):/usr/bin/make -f Makefile cmTC_91567/fast && /usr/bin/make  -f CMakeFiles/cmTC_91567.dir/build.make CMakeFiles/cmTC_91567.dir/build
make[1]: Entering directory '/export/local/works/doublegsoft.biz/bizprint/03.Development/bizprint/3rd/libwebsockets/build/mingw64/CMakeFiles/CMakeTmp'
Building C object CMakeFiles/cmTC_91567.dir/src.c.obj
/usr/bin/x86_64-w64-mingw32-gcc -DKEYWORD=__inline -DLWS_HAVE_UNISTD_H  -Wno-unused-variable   -Wno-unused-label  -o CMakeFiles/cmTC_91567.dir/src.c.obj -c /export/local/works/doublegsoft.biz/bizprint/03.Development/bizprint/3rd/libwebsockets/build/mingw64/CMakeFiles/CMakeTmp/src.c
Linking C executable cmTC_91567.exe
/export/opt/cmake-3.20.6/bin/cmake -E cmake_link_script CMakeFiles/cmTC_91567.dir/link.txt --verbose=1
/export/opt/cmake-3.20.6/bin/cmake -E rm -f CMakeFiles/cmTC_91567.dir/objects.a
/usr/bin/x86_64-w64-mingw32-ar cr CMakeFiles/cmTC_91567.dir/objects.a @CMakeFiles/cmTC_91567.dir/objects1.rsp
/usr/bin/x86_64-w64-mingw32-gcc    -Wno-unused-variable   -Wno-unused-label  -Wl,--whole-archive CMakeFiles/cmTC_91567.dir/objects.a -Wl,--no-whole-archive -o cmTC_91567.exe -Wl,--out-implib,libcmTC_91567.dll.a -Wl,--major-image-version,0,--minor-image-version,0 @CMakeFiles/cmTC_91567.dir/linklibs.rsp
make[1]: Leaving directory '/export/local/works/doublegsoft.biz/bizprint/03.Development/bizprint/3rd/libwebsockets/build/mingw64/CMakeFiles/CMakeTmp'


Source file was:
#include <unistd.h>
void main(void) { while(1) ; } void xxexit(void){}
Performing C SOURCE FILE Test LWS_HAVE_MALLOC_H succeeded with the following output:
Change Dir: /export/local/works/doublegsoft.biz/bizprint/03.Development/bizprint/3rd/libwebsockets/build/mingw64/CMakeFiles/CMakeTmp

Run Build Command(s):/usr/bin/make -f Makefile cmTC_ab256/fast && /usr/bin/make  -f CMakeFiles/cmTC_ab256.dir/build.make CMakeFiles/cmTC_ab256.dir/build
make[1]: Entering directory '/export/local/works/doublegsoft.biz/bizprint/03.Development/bizprint/3rd/libwebsockets/build/mingw64/CMakeFiles/CMakeTmp'
Building C object CMakeFiles/cmTC_ab256.dir/src.c.obj
/usr/bin/x86_64-w64-mingw32-gcc -DKEYWORD=__inline -DLWS_HAVE_MALLOC_H  -Wno-unused-variable   -Wno-unused-label  -o CMakeFiles/cmTC_ab256.dir/src.c.obj -c /export/local/works/doublegsoft.biz/bizprint/03.Development/bizprint/3rd/libwebsockets/build/mingw64/CMakeFiles/CMakeTmp/src.c
Linking C executable cmTC_ab256.exe
/export/opt/cmake-3.20.6/bin/cmake -E cmake_link_script CMakeFiles/cmTC_ab256.dir/link.txt --verbose=1
/export/opt/cmake-3.20.6/bin/cmake -E rm -f CMakeFiles/cmTC_ab256.dir/objects.a
/usr/bin/x86_64-w64-mingw32-ar cr CMakeFiles/cmTC_ab256.dir/objects.a @CMakeFiles/cmTC_ab256.dir/objects1.rsp
/usr/bin/x86_64-w64-mingw32-gcc    -Wno-unused-variable   -Wno-unused-label  -Wl,--whole-archive CMakeFiles/cmTC_ab256.dir/objects.a -Wl,--no-whole-archive -o cmTC_ab256.exe -Wl,--out-implib,libcmTC_ab256.dll.a -Wl,--major-image-version,0,--minor-image-version,0 @CMakeFiles/cmTC_ab256.dir/linklibs.rsp
make[1]: Leaving directory '/export/local/works/doublegsoft.biz/bizprint/03.Development/bizprint/3rd/libwebsockets/build/mingw64/CMakeFiles/CMakeTmp'


Source file was:
#include <malloc.h>
void main(void) { while(1) ; } void xxexit(void){}
Performing C SOURCE FILE Test LWS_HAVE_PTHREAD_H succeeded with the following output:
Change Dir: /export/local/works/doublegsoft.biz/bizprint/03.Development/bizprint/3rd/libwebsockets/build/mingw64/CMakeFiles/CMakeTmp

Run Build Command(s):/usr/bin/make -f Makefile cmTC_a008c/fast && /usr/bin/make  -f CMakeFiles/cmTC_a008c.dir/build.make CMakeFiles/cmTC_a008c.dir/build
make[1]: Entering directory '/export/local/works/doublegsoft.biz/bizprint/03.Development/bizprint/3rd/libwebsockets/build/mingw64/CMakeFiles/CMakeTmp'
Building C object CMakeFiles/cmTC_a008c.dir/src.c.obj
/usr/bin/x86_64-w64-mingw32-gcc -DKEYWORD=__inline -DLWS_HAVE_PTHREAD_H  -Wno-unused-variable   -Wno-unused-label  -o CMakeFiles/cmTC_a008c.dir/src.c.obj -c /export/local/works/doublegsoft.biz/bizprint/03.Development/bizprint/3rd/libwebsockets/build/mingw64/CMakeFiles/CMakeTmp/src.c
Linking C executable cmTC_a008c.exe
/export/opt/cmake-3.20.6/bin/cmake -E cmake_link_script CMakeFiles/cmTC_a008c.dir/link.txt --verbose=1
/export/opt/cmake-3.20.6/bin/cmake -E rm -f CMakeFiles/cmTC_a008c.dir/objects.a
/usr/bin/x86_64-w64-mingw32-ar cr CMakeFiles/cmTC_a008c.dir/objects.a @CMakeFiles/cmTC_a008c.dir/objects1.rsp
/usr/bin/x86_64-w64-mingw32-gcc    -Wno-unused-variable   -Wno-unused-label  -Wl,--whole-archive CMakeFiles/cmTC_a008c.dir/objects.a -Wl,--no-whole-archive -o cmTC_a008c.exe -Wl,--out-implib,libcmTC_a008c.dll.a -Wl,--major-image-version,0,--minor-image-version,0 @CMakeFiles/cmTC_a008c.dir/linklibs.rsp
make[1]: Leaving directory '/export/local/works/doublegsoft.biz/bizprint/03.Development/bizprint/3rd/libwebsockets/build/mingw64/CMakeFiles/CMakeTmp'


Source file was:
#include <pthread.h>
void main(void) { while(1) ; } void xxexit(void){}
Performing C SOURCE FILE Test LWS_HAVE_INTTYPES_H succeeded with the following output:
Change Dir: /export/local/works/doublegsoft.biz/bizprint/03.Development/bizprint/3rd/libwebsockets/build/mingw64/CMakeFiles/CMakeTmp

Run Build Command(s):/usr/bin/make -f Makefile cmTC_a369f/fast && /usr/bin/make  -f CMakeFiles/cmTC_a369f.dir/build.make CMakeFiles/cmTC_a369f.dir/build
make[1]: Entering directory '/export/local/works/doublegsoft.biz/bizprint/03.Development/bizprint/3rd/libwebsockets/build/mingw64/CMakeFiles/CMakeTmp'
Building C object CMakeFiles/cmTC_a369f.dir/src.c.obj
/usr/bin/x86_64-w64-mingw32-gcc -DKEYWORD=__inline -DLWS_HAVE_INTTYPES_H  -Wno-unused-variable   -Wno-unused-label  -o CMakeFiles/cmTC_a369f.dir/src.c.obj -c /export/local/works/doublegsoft.biz/bizprint/03.Development/bizprint/3rd/libwebsockets/build/mingw64/CMakeFiles/CMakeTmp/src.c
Linking C executable cmTC_a369f.exe
/export/opt/cmake-3.20.6/bin/cmake -E cmake_link_script CMakeFiles/cmTC_a369f.dir/link.txt --verbose=1
/export/opt/cmake-3.20.6/bin/cmake -E rm -f CMakeFiles/cmTC_a369f.dir/objects.a
/usr/bin/x86_64-w64-mingw32-ar cr CMakeFiles/cmTC_a369f.dir/objects.a @CMakeFiles/cmTC_a369f.dir/objects1.rsp
/usr/bin/x86_64-w64-mingw32-gcc    -Wno-unused-variable   -Wno-unused-label  -Wl,--whole-archive CMakeFiles/cmTC_a369f.dir/objects.a -Wl,--no-whole-archive -o cmTC_a369f.exe -Wl,--out-implib,libcmTC_a369f.dll.a -Wl,--major-image-version,0,--minor-image-version,0 @CMakeFiles/cmTC_a369f.dir/linklibs.rsp
make[1]: Leaving directory '/export/local/works/doublegsoft.biz/bizprint/03.Development/bizprint/3rd/libwebsockets/build/mingw64/CMakeFiles/CMakeTmp'


Source file was:
#include <inttypes.h>
void main(void) { while(1) ; } void xxexit(void){}
Determining if files stdlib.h;stdarg.h;string.h exist passed with the following output:
Change Dir: /export/local/works/doublegsoft.biz/bizprint/03.Development/bizprint/3rd/libwebsockets/build/mingw64/CMakeFiles/CMakeTmp

Run Build Command(s):/usr/bin/make -f Makefile cmTC_28c7c/fast && /usr/bin/make  -f CMakeFiles/cmTC_28c7c.dir/build.make CMakeFiles/cmTC_28c7c.dir/build
make[1]: Entering directory '/export/local/works/doublegsoft.biz/bizprint/03.Development/bizprint/3rd/libwebsockets/build/mingw64/CMakeFiles/CMakeTmp'
Building C object CMakeFiles/cmTC_28c7c.dir/STDC_HEADERS.c.obj
/usr/bin/x86_64-w64-mingw32-gcc -DKEYWORD=__inline  -Wno-unused-variable   -Wno-unused-label  -o CMakeFiles/cmTC_28c7c.dir/STDC_HEADERS.c.obj -c /export/local/works/doublegsoft.biz/bizprint/03.Development/bizprint/3rd/libwebsockets/build/mingw64/CMakeFiles/CheckIncludeFiles/STDC_HEADERS.c
Linking C executable cmTC_28c7c.exe
/export/opt/cmake-3.20.6/bin/cmake -E cmake_link_script CMakeFiles/cmTC_28c7c.dir/link.txt --verbose=1
/export/opt/cmake-3.20.6/bin/cmake -E rm -f CMakeFiles/cmTC_28c7c.dir/objects.a
/usr/bin/x86_64-w64-mingw32-ar cr CMakeFiles/cmTC_28c7c.dir/objects.a @CMakeFiles/cmTC_28c7c.dir/objects1.rsp
/usr/bin/x86_64-w64-mingw32-gcc    -Wno-unused-variable   -Wno-unused-label  -Wl,--whole-archive CMakeFiles/cmTC_28c7c.dir/objects.a -Wl,--no-whole-archive -o cmTC_28c7c.exe -Wl,--out-implib,libcmTC_28c7c.dll.a -Wl,--major-image-version,0,--minor-image-version,0 @CMakeFiles/cmTC_28c7c.dir/linklibs.rsp
make[1]: Leaving directory '/export/local/works/doublegsoft.biz/bizprint/03.Development/bizprint/3rd/libwebsockets/build/mingw64/CMakeFiles/CMakeTmp'



Performing C SOURCE FILE Test LWS_HAS_INTPTR_T succeeded with the following output:
Change Dir: /export/local/works/doublegsoft.biz/bizprint/03.Development/bizprint/3rd/libwebsockets/build/mingw64/CMakeFiles/CMakeTmp

Run Build Command(s):/usr/bin/make -f Makefile cmTC_ff87d/fast && /usr/bin/make  -f CMakeFiles/cmTC_ff87d.dir/build.make CMakeFiles/cmTC_ff87d.dir/build
make[1]: Entering directory '/export/local/works/doublegsoft.biz/bizprint/03.Development/bizprint/3rd/libwebsockets/build/mingw64/CMakeFiles/CMakeTmp'
Building C object CMakeFiles/cmTC_ff87d.dir/src.c.obj
/usr/bin/x86_64-w64-mingw32-gcc -DKEYWORD=__inline -DLWS_HAS_INTPTR_T  -Wno-unused-variable   -Wno-unused-label  -o CMakeFiles/cmTC_ff87d.dir/src.c.obj -c /export/local/works/doublegsoft.biz/bizprint/03.Development/bizprint/3rd/libwebsockets/build/mingw64/CMakeFiles/CMakeTmp/src.c
Linking C executable cmTC_ff87d.exe
/export/opt/cmake-3.20.6/bin/cmake -E cmake_link_script CMakeFiles/cmTC_ff87d.dir/link.txt --verbose=1
/export/opt/cmake-3.20.6/bin/cmake -E rm -f CMakeFiles/cmTC_ff87d.dir/objects.a
/usr/bin/x86_64-w64-mingw32-ar cr CMakeFiles/cmTC_ff87d.dir/objects.a @CMakeFiles/cmTC_ff87d.dir/objects1.rsp
/usr/bin/x86_64-w64-mingw32-gcc    -Wno-unused-variable   -Wno-unused-label  -Wl,--whole-archive CMakeFiles/cmTC_ff87d.dir/objects.a -Wl,--no-whole-archive -o cmTC_ff87d.exe -Wl,--out-implib,libcmTC_ff87d.dll.a -Wl,--major-image-version,0,--minor-image-version,0 @CMakeFiles/cmTC_ff87d.dir/linklibs.rsp
make[1]: Leaving directory '/export/local/works/doublegsoft.biz/bizprint/03.Development/bizprint/3rd/libwebsockets/build/mingw64/CMakeFiles/CMakeTmp'


Source file was:
#include <stdint.h> 
	int main(void) {
		intptr_t test = 1;
		return 0;
	}
Performing C SOURCE FILE Test LWS_HAS_GETOPT_LONG succeeded with the following output:
Change Dir: /export/local/works/doublegsoft.biz/bizprint/03.Development/bizprint/3rd/libwebsockets/build/mingw64/CMakeFiles/CMakeTmp

Run Build Command(s):/usr/bin/make -f Makefile cmTC_3de50/fast && /usr/bin/make  -f CMakeFiles/cmTC_3de50.dir/build.make CMakeFiles/cmTC_3de50.dir/build
make[1]: Entering directory '/export/local/works/doublegsoft.biz/bizprint/03.Development/bizprint/3rd/libwebsockets/build/mingw64/CMakeFiles/CMakeTmp'
Building C object CMakeFiles/cmTC_3de50.dir/src.c.obj
/usr/bin/x86_64-w64-mingw32-gcc -DKEYWORD=__inline -DLWS_HAS_GETOPT_LONG  -Wno-unused-variable   -Wno-unused-label  -o CMakeFiles/cmTC_3de50.dir/src.c.obj -c /export/local/works/doublegsoft.biz/bizprint/03.Development/bizprint/3rd/libwebsockets/build/mingw64/CMakeFiles/CMakeTmp/src.c
Linking C executable cmTC_3de50.exe
/export/opt/cmake-3.20.6/bin/cmake -E cmake_link_script CMakeFiles/cmTC_3de50.dir/link.txt --verbose=1
/export/opt/cmake-3.20.6/bin/cmake -E rm -f CMakeFiles/cmTC_3de50.dir/objects.a
/usr/bin/x86_64-w64-mingw32-ar cr CMakeFiles/cmTC_3de50.dir/objects.a @CMakeFiles/cmTC_3de50.dir/objects1.rsp
/usr/bin/x86_64-w64-mingw32-gcc    -Wno-unused-variable   -Wno-unused-label  -Wl,--whole-archive CMakeFiles/cmTC_3de50.dir/objects.a -Wl,--no-whole-archive -o cmTC_3de50.exe -Wl,--out-implib,libcmTC_3de50.dll.a -Wl,--major-image-version,0,--minor-image-version,0 @CMakeFiles/cmTC_3de50.dir/linklibs.rsp
make[1]: Leaving directory '/export/local/works/doublegsoft.biz/bizprint/03.Development/bizprint/3rd/libwebsockets/build/mingw64/CMakeFiles/CMakeTmp'


Source file was:
#include <stddef.h>
	#include <getopt.h>
	int main(void) {
		void *p = (void *)getopt_long;
		return p != NULL;
	}
Performing C SOURCE FILE Test LWS_HAVE_VISIBILITY succeeded with the following output:
Change Dir: /export/local/works/doublegsoft.biz/bizprint/03.Development/bizprint/3rd/libwebsockets/build/mingw64/CMakeFiles/CMakeTmp

Run Build Command(s):/usr/bin/make -f Makefile cmTC_fdc0c/fast && /usr/bin/make  -f CMakeFiles/cmTC_fdc0c.dir/build.make CMakeFiles/cmTC_fdc0c.dir/build
make[1]: Entering directory '/export/local/works/doublegsoft.biz/bizprint/03.Development/bizprint/3rd/libwebsockets/build/mingw64/CMakeFiles/CMakeTmp'
Building C object CMakeFiles/cmTC_fdc0c.dir/src.c.obj
/usr/bin/x86_64-w64-mingw32-gcc -DLWS_HAVE_VISIBILITY  -Wno-unused-variable   -Wno-unused-label    -fvisibility=hidden -o CMakeFiles/cmTC_fdc0c.dir/src.c.obj -c /export/local/works/doublegsoft.biz/bizprint/03.Development/bizprint/3rd/libwebsockets/build/mingw64/CMakeFiles/CMakeTmp/src.c
Linking C executable cmTC_fdc0c.exe
/export/opt/cmake-3.20.6/bin/cmake -E cmake_link_script CMakeFiles/cmTC_fdc0c.dir/link.txt --verbose=1
/export/opt/cmake-3.20.6/bin/cmake -E rm -f CMakeFiles/cmTC_fdc0c.dir/objects.a
/usr/bin/x86_64-w64-mingw32-ar cr CMakeFiles/cmTC_fdc0c.dir/objects.a @CMakeFiles/cmTC_fdc0c.dir/objects1.rsp
/usr/bin/x86_64-w64-mingw32-gcc    -Wno-unused-variable   -Wno-unused-label  -Wl,--whole-archive CMakeFiles/cmTC_fdc0c.dir/objects.a -Wl,--no-whole-archive -o cmTC_fdc0c.exe -Wl,--out-implib,libcmTC_fdc0c.dll.a -Wl,--major-image-version,0,--minor-image-version,0 @CMakeFiles/cmTC_fdc0c.dir/linklibs.rsp
make[1]: Leaving directory '/export/local/works/doublegsoft.biz/bizprint/03.Development/bizprint/3rd/libwebsockets/build/mingw64/CMakeFiles/CMakeTmp'


Source file was:
int main(void) { return 0; }
Performing C SOURCE FILE Test LWS_GCC_HAS_IGNORED_QUALIFIERS succeeded with the following output:
Change Dir: /export/local/works/doublegsoft.biz/bizprint/03.Development/bizprint/3rd/libwebsockets/build/mingw64/CMakeFiles/CMakeTmp

Run Build Command(s):/usr/bin/make -f Makefile cmTC_a76a2/fast && /usr/bin/make  -f CMakeFiles/cmTC_a76a2.dir/build.make CMakeFiles/cmTC_a76a2.dir/build
make[1]: Entering directory '/export/local/works/doublegsoft.biz/bizprint/03.Development/bizprint/3rd/libwebsockets/build/mingw64/CMakeFiles/CMakeTmp'
Building C object CMakeFiles/cmTC_a76a2.dir/src.c.obj
/usr/bin/x86_64-w64-mingw32-gcc -DLWS_GCC_HAS_IGNORED_QUALIFIERS  -Wno-unused-variable   -Wno-unused-label    -Wignored-qualifiers -o CMakeFiles/cmTC_a76a2.dir/src.c.obj -c /export/local/works/doublegsoft.biz/bizprint/03.Development/bizprint/3rd/libwebsockets/build/mingw64/CMakeFiles/CMakeTmp/src.c
Linking C executable cmTC_a76a2.exe
/export/opt/cmake-3.20.6/bin/cmake -E cmake_link_script CMakeFiles/cmTC_a76a2.dir/link.txt --verbose=1
/export/opt/cmake-3.20.6/bin/cmake -E rm -f CMakeFiles/cmTC_a76a2.dir/objects.a
/usr/bin/x86_64-w64-mingw32-ar cr CMakeFiles/cmTC_a76a2.dir/objects.a @CMakeFiles/cmTC_a76a2.dir/objects1.rsp
/usr/bin/x86_64-w64-mingw32-gcc    -Wno-unused-variable   -Wno-unused-label  -Wl,--whole-archive CMakeFiles/cmTC_a76a2.dir/objects.a -Wl,--no-whole-archive -o cmTC_a76a2.exe -Wl,--out-implib,libcmTC_a76a2.dll.a -Wl,--major-image-version,0,--minor-image-version,0 @CMakeFiles/cmTC_a76a2.dir/linklibs.rsp
make[1]: Leaving directory '/export/local/works/doublegsoft.biz/bizprint/03.Development/bizprint/3rd/libwebsockets/build/mingw64/CMakeFiles/CMakeTmp'


Source file was:
int main(void) { return 0; }
Performing C SOURCE FILE Test LWS_GCC_HAS_TYPE_LIMITS succeeded with the following output:
Change Dir: /export/local/works/doublegsoft.biz/bizprint/03.Development/bizprint/3rd/libwebsockets/build/mingw64/CMakeFiles/CMakeTmp

Run Build Command(s):/usr/bin/make -f Makefile cmTC_d660d/fast && /usr/bin/make  -f CMakeFiles/cmTC_d660d.dir/build.make CMakeFiles/cmTC_d660d.dir/build
make[1]: Entering directory '/export/local/works/doublegsoft.biz/bizprint/03.Development/bizprint/3rd/libwebsockets/build/mingw64/CMakeFiles/CMakeTmp'
Building C object CMakeFiles/cmTC_d660d.dir/src.c.obj
/usr/bin/x86_64-w64-mingw32-gcc -DLWS_GCC_HAS_TYPE_LIMITS  -Wno-unused-variable   -Wno-unused-label    -Wtype-limits -o CMakeFiles/cmTC_d660d.dir/src.c.obj -c /export/local/works/doublegsoft.biz/bizprint/03.Development/bizprint/3rd/libwebsockets/build/mingw64/CMakeFiles/CMakeTmp/src.c
Linking C executable cmTC_d660d.exe
/export/opt/cmake-3.20.6/bin/cmake -E cmake_link_script CMakeFiles/cmTC_d660d.dir/link.txt --verbose=1
/export/opt/cmake-3.20.6/bin/cmake -E rm -f CMakeFiles/cmTC_d660d.dir/objects.a
/usr/bin/x86_64-w64-mingw32-ar cr CMakeFiles/cmTC_d660d.dir/objects.a @CMakeFiles/cmTC_d660d.dir/objects1.rsp
/usr/bin/x86_64-w64-mingw32-gcc    -Wno-unused-variable   -Wno-unused-label  -Wl,--whole-archive CMakeFiles/cmTC_d660d.dir/objects.a -Wl,--no-whole-archive -o cmTC_d660d.exe -Wl,--out-implib,libcmTC_d660d.dll.a -Wl,--major-image-version,0,--minor-image-version,0 @CMakeFiles/cmTC_d660d.dir/linklibs.rsp
make[1]: Leaving directory '/export/local/works/doublegsoft.biz/bizprint/03.Development/bizprint/3rd/libwebsockets/build/mingw64/CMakeFiles/CMakeTmp'


Source file was:
int main(void) { return 0; }
Performing C SOURCE FILE Test LWS_GCC_HAS_NO_DEPRECATED_DECLARATIONS succeeded with the following output:
Change Dir: /export/local/works/doublegsoft.biz/bizprint/03.Development/bizprint/3rd/libwebsockets/build/mingw64/CMakeFiles/CMakeTmp

Run Build Command(s):/usr/bin/make -f Makefile cmTC_b8c2d/fast && /usr/bin/make  -f CMakeFiles/cmTC_b8c2d.dir/build.make CMakeFiles/cmTC_b8c2d.dir/build
make[1]: Entering directory '/export/local/works/doublegsoft.biz/bizprint/03.Development/bizprint/3rd/libwebsockets/build/mingw64/CMakeFiles/CMakeTmp'
Building C object CMakeFiles/cmTC_b8c2d.dir/src.c.obj
/usr/bin/x86_64-w64-mingw32-gcc -DLWS_GCC_HAS_NO_DEPRECATED_DECLARATIONS  -Wno-unused-variable   -Wno-unused-label    -Wno-deprecated-declarations -o CMakeFiles/cmTC_b8c2d.dir/src.c.obj -c /export/local/works/doublegsoft.biz/bizprint/03.Development/bizprint/3rd/libwebsockets/build/mingw64/CMakeFiles/CMakeTmp/src.c
Linking C executable cmTC_b8c2d.exe
/export/opt/cmake-3.20.6/bin/cmake -E cmake_link_script CMakeFiles/cmTC_b8c2d.dir/link.txt --verbose=1
/export/opt/cmake-3.20.6/bin/cmake -E rm -f CMakeFiles/cmTC_b8c2d.dir/objects.a
/usr/bin/x86_64-w64-mingw32-ar cr CMakeFiles/cmTC_b8c2d.dir/objects.a @CMakeFiles/cmTC_b8c2d.dir/objects1.rsp
/usr/bin/x86_64-w64-mingw32-gcc    -Wno-unused-variable   -Wno-unused-label  -Wl,--whole-archive CMakeFiles/cmTC_b8c2d.dir/objects.a -Wl,--no-whole-archive -o cmTC_b8c2d.exe -Wl,--out-implib,libcmTC_b8c2d.dll.a -Wl,--major-image-version,0,--minor-image-version,0 @CMakeFiles/cmTC_b8c2d.dir/linklibs.rsp
make[1]: Leaving directory '/export/local/works/doublegsoft.biz/bizprint/03.Development/bizprint/3rd/libwebsockets/build/mingw64/CMakeFiles/CMakeTmp'


Source file was:
int main(void) { return 0; }
